Copyright 1986-2022 Xilinx, Inc. All Rights Reserved. Copyright 2022-2023 Advanced Micro Devices, Inc. All Rights Reserved.
---------------------------------------------------------------------------------------------------------------------------------------------
| Tool Version : Vivado v.2023.1 (lin64) Build 3865809 Sun May  7 15:04:56 MDT 2023
| Date         : Wed Dec  6 20:54:19 2023
| Host         : seshanpc running 64-bit Debian GNU/Linux 12 (bookworm)
| Command      : report_timing_summary -file obj/post_synth_timing_summary.rpt
| Design       : top_level
| Device       : 7s50-csga324
| Speed File   : -1  PRODUCTION 1.23 2018-06-13
| Design State : Synthesized
---------------------------------------------------------------------------------------------------------------------------------------------

Timing Summary Report

------------------------------------------------------------------------------------------------
| Timer Settings
| --------------
------------------------------------------------------------------------------------------------

  Enable Multi Corner Analysis               :  Yes
  Enable Pessimism Removal                   :  Yes
  Pessimism Removal Resolution               :  Nearest Common Node
  Enable Input Delay Default Clock           :  No
  Enable Preset / Clear Arcs                 :  No
  Disable Flight Delays                      :  No
  Ignore I/O Paths                           :  No
  Timing Early Launch at Borrowing Latches   :  No
  Borrow Time for Max Delay Exceptions       :  Yes
  Merge Timing Exceptions                    :  Yes

  Corner  Analyze    Analyze    
  Name    Max Paths  Min Paths  
  ------  ---------  ---------  
  Slow    Yes        Yes        
  Fast    Yes        Yes        


------------------------------------------------------------------------------------------------
| Report Methodology
| ------------------
------------------------------------------------------------------------------------------------

No report available as report_methodology has not been run prior. Run report_methodology on the current design for the summary of methodology violations.



check_timing report

Table of Contents
-----------------
1. checking no_clock (1955)
2. checking constant_clock (0)
3. checking pulse_width_clock (0)
4. checking unconstrained_internal_endpoints (32)
5. checking no_input_delay (2)
6. checking no_output_delay (1)
7. checking multiple_clock (0)
8. checking generated_clocks (0)
9. checking loops (0)
10. checking partial_input_delay (0)
11. checking partial_output_delay (0)
12. checking latch_loops (0)

1. checking no_clock (1955)
---------------------------
 There are 4 register/latch pins with no clock driven by root clock pin: main/checked/queue_reg[0][0]/Q (HIGH)

 There are 4 register/latch pins with no clock driven by root clock pin: main/checked/queue_reg[0][10]/Q (HIGH)

 There are 4 register/latch pins with no clock driven by root clock pin: main/checked/queue_reg[0][11]/Q (HIGH)

 There are 4 register/latch pins with no clock driven by root clock pin: main/checked/queue_reg[0][12]/Q (HIGH)

 There are 4 register/latch pins with no clock driven by root clock pin: main/checked/queue_reg[0][13]/Q (HIGH)

 There are 4 register/latch pins with no clock driven by root clock pin: main/checked/queue_reg[0][14]/Q (HIGH)

 There are 4 register/latch pins with no clock driven by root clock pin: main/checked/queue_reg[0][15]/Q (HIGH)

 There are 4 register/latch pins with no clock driven by root clock pin: main/checked/queue_reg[0][16]/Q (HIGH)

 There are 4 register/latch pins with no clock driven by root clock pin: main/checked/queue_reg[0][17]/Q (HIGH)

 There are 4 register/latch pins with no clock driven by root clock pin: main/checked/queue_reg[0][18]/Q (HIGH)

 There are 4 register/latch pins with no clock driven by root clock pin: main/checked/queue_reg[0][19]/Q (HIGH)

 There are 4 register/latch pins with no clock driven by root clock pin: main/checked/queue_reg[0][1]/Q (HIGH)

 There are 4 register/latch pins with no clock driven by root clock pin: main/checked/queue_reg[0][20]/Q (HIGH)

 There are 4 register/latch pins with no clock driven by root clock pin: main/checked/queue_reg[0][21]/Q (HIGH)

 There are 4 register/latch pins with no clock driven by root clock pin: main/checked/queue_reg[0][22]/Q (HIGH)

 There are 4 register/latch pins with no clock driven by root clock pin: main/checked/queue_reg[0][23]/Q (HIGH)

 There are 4 register/latch pins with no clock driven by root clock pin: main/checked/queue_reg[0][24]/Q (HIGH)

 There are 4 register/latch pins with no clock driven by root clock pin: main/checked/queue_reg[0][25]/Q (HIGH)

 There are 4 register/latch pins with no clock driven by root clock pin: main/checked/queue_reg[0][26]/Q (HIGH)

 There are 4 register/latch pins with no clock driven by root clock pin: main/checked/queue_reg[0][27]/Q (HIGH)

 There are 4 register/latch pins with no clock driven by root clock pin: main/checked/queue_reg[0][28]/Q (HIGH)

 There are 4 register/latch pins with no clock driven by root clock pin: main/checked/queue_reg[0][29]/Q (HIGH)

 There are 4 register/latch pins with no clock driven by root clock pin: main/checked/queue_reg[0][2]/Q (HIGH)

 There are 4 register/latch pins with no clock driven by root clock pin: main/checked/queue_reg[0][30]/Q (HIGH)

 There are 4 register/latch pins with no clock driven by root clock pin: main/checked/queue_reg[0][31]/Q (HIGH)

 There are 4 register/latch pins with no clock driven by root clock pin: main/checked/queue_reg[0][3]/Q (HIGH)

 There are 4 register/latch pins with no clock driven by root clock pin: main/checked/queue_reg[0][4]/Q (HIGH)

 There are 4 register/latch pins with no clock driven by root clock pin: main/checked/queue_reg[0][5]/Q (HIGH)

 There are 4 register/latch pins with no clock driven by root clock pin: main/checked/queue_reg[0][6]/Q (HIGH)

 There are 4 register/latch pins with no clock driven by root clock pin: main/checked/queue_reg[0][7]/Q (HIGH)

 There are 4 register/latch pins with no clock driven by root clock pin: main/checked/queue_reg[0][8]/Q (HIGH)

 There are 4 register/latch pins with no clock driven by root clock pin: main/checked/queue_reg[0][9]/Q (HIGH)

 There are 3 register/latch pins with no clock driven by root clock pin: main/checked/queue_reg[1][0]/Q (HIGH)

 There are 3 register/latch pins with no clock driven by root clock pin: main/checked/queue_reg[1][10]/Q (HIGH)

 There are 3 register/latch pins with no clock driven by root clock pin: main/checked/queue_reg[1][11]/Q (HIGH)

 There are 3 register/latch pins with no clock driven by root clock pin: main/checked/queue_reg[1][12]/Q (HIGH)

 There are 3 register/latch pins with no clock driven by root clock pin: main/checked/queue_reg[1][13]/Q (HIGH)

 There are 3 register/latch pins with no clock driven by root clock pin: main/checked/queue_reg[1][14]/Q (HIGH)

 There are 3 register/latch pins with no clock driven by root clock pin: main/checked/queue_reg[1][15]/Q (HIGH)

 There are 3 register/latch pins with no clock driven by root clock pin: main/checked/queue_reg[1][16]/Q (HIGH)

 There are 3 register/latch pins with no clock driven by root clock pin: main/checked/queue_reg[1][17]/Q (HIGH)

 There are 3 register/latch pins with no clock driven by root clock pin: main/checked/queue_reg[1][18]/Q (HIGH)

 There are 3 register/latch pins with no clock driven by root clock pin: main/checked/queue_reg[1][19]/Q (HIGH)

 There are 3 register/latch pins with no clock driven by root clock pin: main/checked/queue_reg[1][1]/Q (HIGH)

 There are 3 register/latch pins with no clock driven by root clock pin: main/checked/queue_reg[1][20]/Q (HIGH)

 There are 3 register/latch pins with no clock driven by root clock pin: main/checked/queue_reg[1][21]/Q (HIGH)

 There are 3 register/latch pins with no clock driven by root clock pin: main/checked/queue_reg[1][22]/Q (HIGH)

 There are 3 register/latch pins with no clock driven by root clock pin: main/checked/queue_reg[1][23]/Q (HIGH)

 There are 3 register/latch pins with no clock driven by root clock pin: main/checked/queue_reg[1][24]/Q (HIGH)

 There are 3 register/latch pins with no clock driven by root clock pin: main/checked/queue_reg[1][25]/Q (HIGH)

 There are 3 register/latch pins with no clock driven by root clock pin: main/checked/queue_reg[1][26]/Q (HIGH)

 There are 3 register/latch pins with no clock driven by root clock pin: main/checked/queue_reg[1][27]/Q (HIGH)

 There are 3 register/latch pins with no clock driven by root clock pin: main/checked/queue_reg[1][28]/Q (HIGH)

 There are 3 register/latch pins with no clock driven by root clock pin: main/checked/queue_reg[1][29]/Q (HIGH)

 There are 3 register/latch pins with no clock driven by root clock pin: main/checked/queue_reg[1][2]/Q (HIGH)

 There are 3 register/latch pins with no clock driven by root clock pin: main/checked/queue_reg[1][30]/Q (HIGH)

 There are 3 register/latch pins with no clock driven by root clock pin: main/checked/queue_reg[1][31]/Q (HIGH)

 There are 3 register/latch pins with no clock driven by root clock pin: main/checked/queue_reg[1][3]/Q (HIGH)

 There are 3 register/latch pins with no clock driven by root clock pin: main/checked/queue_reg[1][4]/Q (HIGH)

 There are 3 register/latch pins with no clock driven by root clock pin: main/checked/queue_reg[1][5]/Q (HIGH)

 There are 3 register/latch pins with no clock driven by root clock pin: main/checked/queue_reg[1][6]/Q (HIGH)

 There are 3 register/latch pins with no clock driven by root clock pin: main/checked/queue_reg[1][7]/Q (HIGH)

 There are 3 register/latch pins with no clock driven by root clock pin: main/checked/queue_reg[1][8]/Q (HIGH)

 There are 3 register/latch pins with no clock driven by root clock pin: main/checked/queue_reg[1][9]/Q (HIGH)

 There are 3 register/latch pins with no clock driven by root clock pin: main/checked/queue_reg[2][0]/Q (HIGH)

 There are 3 register/latch pins with no clock driven by root clock pin: main/checked/queue_reg[2][10]/Q (HIGH)

 There are 3 register/latch pins with no clock driven by root clock pin: main/checked/queue_reg[2][11]/Q (HIGH)

 There are 3 register/latch pins with no clock driven by root clock pin: main/checked/queue_reg[2][12]/Q (HIGH)

 There are 3 register/latch pins with no clock driven by root clock pin: main/checked/queue_reg[2][13]/Q (HIGH)

 There are 3 register/latch pins with no clock driven by root clock pin: main/checked/queue_reg[2][14]/Q (HIGH)

 There are 3 register/latch pins with no clock driven by root clock pin: main/checked/queue_reg[2][15]/Q (HIGH)

 There are 3 register/latch pins with no clock driven by root clock pin: main/checked/queue_reg[2][16]/Q (HIGH)

 There are 3 register/latch pins with no clock driven by root clock pin: main/checked/queue_reg[2][17]/Q (HIGH)

 There are 3 register/latch pins with no clock driven by root clock pin: main/checked/queue_reg[2][18]/Q (HIGH)

 There are 3 register/latch pins with no clock driven by root clock pin: main/checked/queue_reg[2][19]/Q (HIGH)

 There are 3 register/latch pins with no clock driven by root clock pin: main/checked/queue_reg[2][1]/Q (HIGH)

 There are 3 register/latch pins with no clock driven by root clock pin: main/checked/queue_reg[2][20]/Q (HIGH)

 There are 3 register/latch pins with no clock driven by root clock pin: main/checked/queue_reg[2][21]/Q (HIGH)

 There are 3 register/latch pins with no clock driven by root clock pin: main/checked/queue_reg[2][22]/Q (HIGH)

 There are 3 register/latch pins with no clock driven by root clock pin: main/checked/queue_reg[2][23]/Q (HIGH)

 There are 3 register/latch pins with no clock driven by root clock pin: main/checked/queue_reg[2][24]/Q (HIGH)

 There are 3 register/latch pins with no clock driven by root clock pin: main/checked/queue_reg[2][25]/Q (HIGH)

 There are 3 register/latch pins with no clock driven by root clock pin: main/checked/queue_reg[2][26]/Q (HIGH)

 There are 3 register/latch pins with no clock driven by root clock pin: main/checked/queue_reg[2][27]/Q (HIGH)

 There are 3 register/latch pins with no clock driven by root clock pin: main/checked/queue_reg[2][28]/Q (HIGH)

 There are 3 register/latch pins with no clock driven by root clock pin: main/checked/queue_reg[2][29]/Q (HIGH)

 There are 3 register/latch pins with no clock driven by root clock pin: main/checked/queue_reg[2][2]/Q (HIGH)

 There are 3 register/latch pins with no clock driven by root clock pin: main/checked/queue_reg[2][30]/Q (HIGH)

 There are 3 register/latch pins with no clock driven by root clock pin: main/checked/queue_reg[2][31]/Q (HIGH)

 There are 3 register/latch pins with no clock driven by root clock pin: main/checked/queue_reg[2][3]/Q (HIGH)

 There are 3 register/latch pins with no clock driven by root clock pin: main/checked/queue_reg[2][4]/Q (HIGH)

 There are 3 register/latch pins with no clock driven by root clock pin: main/checked/queue_reg[2][5]/Q (HIGH)

 There are 3 register/latch pins with no clock driven by root clock pin: main/checked/queue_reg[2][6]/Q (HIGH)

 There are 3 register/latch pins with no clock driven by root clock pin: main/checked/queue_reg[2][7]/Q (HIGH)

 There are 3 register/latch pins with no clock driven by root clock pin: main/checked/queue_reg[2][8]/Q (HIGH)

 There are 3 register/latch pins with no clock driven by root clock pin: main/checked/queue_reg[2][9]/Q (HIGH)

 There are 3 register/latch pins with no clock driven by root clock pin: main/checked/queue_reg[3][0]/Q (HIGH)

 There are 3 register/latch pins with no clock driven by root clock pin: main/checked/queue_reg[3][10]/Q (HIGH)

 There are 3 register/latch pins with no clock driven by root clock pin: main/checked/queue_reg[3][11]/Q (HIGH)

 There are 3 register/latch pins with no clock driven by root clock pin: main/checked/queue_reg[3][12]/Q (HIGH)

 There are 3 register/latch pins with no clock driven by root clock pin: main/checked/queue_reg[3][13]/Q (HIGH)

 There are 3 register/latch pins with no clock driven by root clock pin: main/checked/queue_reg[3][14]/Q (HIGH)

 There are 3 register/latch pins with no clock driven by root clock pin: main/checked/queue_reg[3][15]/Q (HIGH)

 There are 3 register/latch pins with no clock driven by root clock pin: main/checked/queue_reg[3][16]/Q (HIGH)

 There are 3 register/latch pins with no clock driven by root clock pin: main/checked/queue_reg[3][17]/Q (HIGH)

 There are 3 register/latch pins with no clock driven by root clock pin: main/checked/queue_reg[3][18]/Q (HIGH)

 There are 3 register/latch pins with no clock driven by root clock pin: main/checked/queue_reg[3][19]/Q (HIGH)

 There are 3 register/latch pins with no clock driven by root clock pin: main/checked/queue_reg[3][1]/Q (HIGH)

 There are 3 register/latch pins with no clock driven by root clock pin: main/checked/queue_reg[3][20]/Q (HIGH)

 There are 3 register/latch pins with no clock driven by root clock pin: main/checked/queue_reg[3][21]/Q (HIGH)

 There are 3 register/latch pins with no clock driven by root clock pin: main/checked/queue_reg[3][22]/Q (HIGH)

 There are 3 register/latch pins with no clock driven by root clock pin: main/checked/queue_reg[3][23]/Q (HIGH)

 There are 3 register/latch pins with no clock driven by root clock pin: main/checked/queue_reg[3][24]/Q (HIGH)

 There are 3 register/latch pins with no clock driven by root clock pin: main/checked/queue_reg[3][25]/Q (HIGH)

 There are 3 register/latch pins with no clock driven by root clock pin: main/checked/queue_reg[3][26]/Q (HIGH)

 There are 3 register/latch pins with no clock driven by root clock pin: main/checked/queue_reg[3][27]/Q (HIGH)

 There are 3 register/latch pins with no clock driven by root clock pin: main/checked/queue_reg[3][28]/Q (HIGH)

 There are 3 register/latch pins with no clock driven by root clock pin: main/checked/queue_reg[3][29]/Q (HIGH)

 There are 3 register/latch pins with no clock driven by root clock pin: main/checked/queue_reg[3][2]/Q (HIGH)

 There are 3 register/latch pins with no clock driven by root clock pin: main/checked/queue_reg[3][30]/Q (HIGH)

 There are 3 register/latch pins with no clock driven by root clock pin: main/checked/queue_reg[3][31]/Q (HIGH)

 There are 3 register/latch pins with no clock driven by root clock pin: main/checked/queue_reg[3][3]/Q (HIGH)

 There are 3 register/latch pins with no clock driven by root clock pin: main/checked/queue_reg[3][4]/Q (HIGH)

 There are 3 register/latch pins with no clock driven by root clock pin: main/checked/queue_reg[3][5]/Q (HIGH)

 There are 3 register/latch pins with no clock driven by root clock pin: main/checked/queue_reg[3][6]/Q (HIGH)

 There are 3 register/latch pins with no clock driven by root clock pin: main/checked/queue_reg[3][7]/Q (HIGH)

 There are 3 register/latch pins with no clock driven by root clock pin: main/checked/queue_reg[3][8]/Q (HIGH)

 There are 3 register/latch pins with no clock driven by root clock pin: main/checked/queue_reg[3][9]/Q (HIGH)

 There are 3 register/latch pins with no clock driven by root clock pin: main/checked/queue_reg[4][0]/Q (HIGH)

 There are 3 register/latch pins with no clock driven by root clock pin: main/checked/queue_reg[4][10]/Q (HIGH)

 There are 3 register/latch pins with no clock driven by root clock pin: main/checked/queue_reg[4][11]/Q (HIGH)

 There are 3 register/latch pins with no clock driven by root clock pin: main/checked/queue_reg[4][12]/Q (HIGH)

 There are 3 register/latch pins with no clock driven by root clock pin: main/checked/queue_reg[4][13]/Q (HIGH)

 There are 3 register/latch pins with no clock driven by root clock pin: main/checked/queue_reg[4][14]/Q (HIGH)

 There are 3 register/latch pins with no clock driven by root clock pin: main/checked/queue_reg[4][15]/Q (HIGH)

 There are 3 register/latch pins with no clock driven by root clock pin: main/checked/queue_reg[4][16]/Q (HIGH)

 There are 3 register/latch pins with no clock driven by root clock pin: main/checked/queue_reg[4][17]/Q (HIGH)

 There are 3 register/latch pins with no clock driven by root clock pin: main/checked/queue_reg[4][18]/Q (HIGH)

 There are 3 register/latch pins with no clock driven by root clock pin: main/checked/queue_reg[4][19]/Q (HIGH)

 There are 3 register/latch pins with no clock driven by root clock pin: main/checked/queue_reg[4][1]/Q (HIGH)

 There are 3 register/latch pins with no clock driven by root clock pin: main/checked/queue_reg[4][20]/Q (HIGH)

 There are 3 register/latch pins with no clock driven by root clock pin: main/checked/queue_reg[4][21]/Q (HIGH)

 There are 3 register/latch pins with no clock driven by root clock pin: main/checked/queue_reg[4][22]/Q (HIGH)

 There are 3 register/latch pins with no clock driven by root clock pin: main/checked/queue_reg[4][23]/Q (HIGH)

 There are 3 register/latch pins with no clock driven by root clock pin: main/checked/queue_reg[4][24]/Q (HIGH)

 There are 3 register/latch pins with no clock driven by root clock pin: main/checked/queue_reg[4][25]/Q (HIGH)

 There are 3 register/latch pins with no clock driven by root clock pin: main/checked/queue_reg[4][26]/Q (HIGH)

 There are 3 register/latch pins with no clock driven by root clock pin: main/checked/queue_reg[4][27]/Q (HIGH)

 There are 3 register/latch pins with no clock driven by root clock pin: main/checked/queue_reg[4][28]/Q (HIGH)

 There are 3 register/latch pins with no clock driven by root clock pin: main/checked/queue_reg[4][29]/Q (HIGH)

 There are 3 register/latch pins with no clock driven by root clock pin: main/checked/queue_reg[4][2]/Q (HIGH)

 There are 3 register/latch pins with no clock driven by root clock pin: main/checked/queue_reg[4][30]/Q (HIGH)

 There are 3 register/latch pins with no clock driven by root clock pin: main/checked/queue_reg[4][31]/Q (HIGH)

 There are 3 register/latch pins with no clock driven by root clock pin: main/checked/queue_reg[4][3]/Q (HIGH)

 There are 3 register/latch pins with no clock driven by root clock pin: main/checked/queue_reg[4][4]/Q (HIGH)

 There are 3 register/latch pins with no clock driven by root clock pin: main/checked/queue_reg[4][5]/Q (HIGH)

 There are 3 register/latch pins with no clock driven by root clock pin: main/checked/queue_reg[4][6]/Q (HIGH)

 There are 3 register/latch pins with no clock driven by root clock pin: main/checked/queue_reg[4][7]/Q (HIGH)

 There are 3 register/latch pins with no clock driven by root clock pin: main/checked/queue_reg[4][8]/Q (HIGH)

 There are 3 register/latch pins with no clock driven by root clock pin: main/checked/queue_reg[4][9]/Q (HIGH)

 There are 3 register/latch pins with no clock driven by root clock pin: main/checked/queue_reg[5][0]/Q (HIGH)

 There are 3 register/latch pins with no clock driven by root clock pin: main/checked/queue_reg[5][10]/Q (HIGH)

 There are 3 register/latch pins with no clock driven by root clock pin: main/checked/queue_reg[5][11]/Q (HIGH)

 There are 3 register/latch pins with no clock driven by root clock pin: main/checked/queue_reg[5][12]/Q (HIGH)

 There are 3 register/latch pins with no clock driven by root clock pin: main/checked/queue_reg[5][13]/Q (HIGH)

 There are 3 register/latch pins with no clock driven by root clock pin: main/checked/queue_reg[5][14]/Q (HIGH)

 There are 3 register/latch pins with no clock driven by root clock pin: main/checked/queue_reg[5][15]/Q (HIGH)

 There are 3 register/latch pins with no clock driven by root clock pin: main/checked/queue_reg[5][16]/Q (HIGH)

 There are 3 register/latch pins with no clock driven by root clock pin: main/checked/queue_reg[5][17]/Q (HIGH)

 There are 3 register/latch pins with no clock driven by root clock pin: main/checked/queue_reg[5][18]/Q (HIGH)

 There are 3 register/latch pins with no clock driven by root clock pin: main/checked/queue_reg[5][19]/Q (HIGH)

 There are 3 register/latch pins with no clock driven by root clock pin: main/checked/queue_reg[5][1]/Q (HIGH)

 There are 3 register/latch pins with no clock driven by root clock pin: main/checked/queue_reg[5][20]/Q (HIGH)

 There are 3 register/latch pins with no clock driven by root clock pin: main/checked/queue_reg[5][21]/Q (HIGH)

 There are 3 register/latch pins with no clock driven by root clock pin: main/checked/queue_reg[5][22]/Q (HIGH)

 There are 3 register/latch pins with no clock driven by root clock pin: main/checked/queue_reg[5][23]/Q (HIGH)

 There are 3 register/latch pins with no clock driven by root clock pin: main/checked/queue_reg[5][24]/Q (HIGH)

 There are 3 register/latch pins with no clock driven by root clock pin: main/checked/queue_reg[5][25]/Q (HIGH)

 There are 3 register/latch pins with no clock driven by root clock pin: main/checked/queue_reg[5][26]/Q (HIGH)

 There are 3 register/latch pins with no clock driven by root clock pin: main/checked/queue_reg[5][27]/Q (HIGH)

 There are 3 register/latch pins with no clock driven by root clock pin: main/checked/queue_reg[5][28]/Q (HIGH)

 There are 3 register/latch pins with no clock driven by root clock pin: main/checked/queue_reg[5][29]/Q (HIGH)

 There are 3 register/latch pins with no clock driven by root clock pin: main/checked/queue_reg[5][2]/Q (HIGH)

 There are 3 register/latch pins with no clock driven by root clock pin: main/checked/queue_reg[5][30]/Q (HIGH)

 There are 3 register/latch pins with no clock driven by root clock pin: main/checked/queue_reg[5][31]/Q (HIGH)

 There are 3 register/latch pins with no clock driven by root clock pin: main/checked/queue_reg[5][3]/Q (HIGH)

 There are 3 register/latch pins with no clock driven by root clock pin: main/checked/queue_reg[5][4]/Q (HIGH)

 There are 3 register/latch pins with no clock driven by root clock pin: main/checked/queue_reg[5][5]/Q (HIGH)

 There are 3 register/latch pins with no clock driven by root clock pin: main/checked/queue_reg[5][6]/Q (HIGH)

 There are 3 register/latch pins with no clock driven by root clock pin: main/checked/queue_reg[5][7]/Q (HIGH)

 There are 3 register/latch pins with no clock driven by root clock pin: main/checked/queue_reg[5][8]/Q (HIGH)

 There are 3 register/latch pins with no clock driven by root clock pin: main/checked/queue_reg[5][9]/Q (HIGH)

 There are 3 register/latch pins with no clock driven by root clock pin: main/checked/queue_reg[6][0]/Q (HIGH)

 There are 3 register/latch pins with no clock driven by root clock pin: main/checked/queue_reg[6][10]/Q (HIGH)

 There are 3 register/latch pins with no clock driven by root clock pin: main/checked/queue_reg[6][11]/Q (HIGH)

 There are 3 register/latch pins with no clock driven by root clock pin: main/checked/queue_reg[6][12]/Q (HIGH)

 There are 3 register/latch pins with no clock driven by root clock pin: main/checked/queue_reg[6][13]/Q (HIGH)

 There are 3 register/latch pins with no clock driven by root clock pin: main/checked/queue_reg[6][14]/Q (HIGH)

 There are 3 register/latch pins with no clock driven by root clock pin: main/checked/queue_reg[6][15]/Q (HIGH)

 There are 3 register/latch pins with no clock driven by root clock pin: main/checked/queue_reg[6][16]/Q (HIGH)

 There are 3 register/latch pins with no clock driven by root clock pin: main/checked/queue_reg[6][17]/Q (HIGH)

 There are 3 register/latch pins with no clock driven by root clock pin: main/checked/queue_reg[6][18]/Q (HIGH)

 There are 3 register/latch pins with no clock driven by root clock pin: main/checked/queue_reg[6][19]/Q (HIGH)

 There are 3 register/latch pins with no clock driven by root clock pin: main/checked/queue_reg[6][1]/Q (HIGH)

 There are 3 register/latch pins with no clock driven by root clock pin: main/checked/queue_reg[6][20]/Q (HIGH)

 There are 3 register/latch pins with no clock driven by root clock pin: main/checked/queue_reg[6][21]/Q (HIGH)

 There are 3 register/latch pins with no clock driven by root clock pin: main/checked/queue_reg[6][22]/Q (HIGH)

 There are 3 register/latch pins with no clock driven by root clock pin: main/checked/queue_reg[6][23]/Q (HIGH)

 There are 3 register/latch pins with no clock driven by root clock pin: main/checked/queue_reg[6][24]/Q (HIGH)

 There are 3 register/latch pins with no clock driven by root clock pin: main/checked/queue_reg[6][25]/Q (HIGH)

 There are 3 register/latch pins with no clock driven by root clock pin: main/checked/queue_reg[6][26]/Q (HIGH)

 There are 3 register/latch pins with no clock driven by root clock pin: main/checked/queue_reg[6][27]/Q (HIGH)

 There are 3 register/latch pins with no clock driven by root clock pin: main/checked/queue_reg[6][28]/Q (HIGH)

 There are 3 register/latch pins with no clock driven by root clock pin: main/checked/queue_reg[6][29]/Q (HIGH)

 There are 3 register/latch pins with no clock driven by root clock pin: main/checked/queue_reg[6][2]/Q (HIGH)

 There are 3 register/latch pins with no clock driven by root clock pin: main/checked/queue_reg[6][30]/Q (HIGH)

 There are 3 register/latch pins with no clock driven by root clock pin: main/checked/queue_reg[6][31]/Q (HIGH)

 There are 3 register/latch pins with no clock driven by root clock pin: main/checked/queue_reg[6][3]/Q (HIGH)

 There are 3 register/latch pins with no clock driven by root clock pin: main/checked/queue_reg[6][4]/Q (HIGH)

 There are 3 register/latch pins with no clock driven by root clock pin: main/checked/queue_reg[6][5]/Q (HIGH)

 There are 3 register/latch pins with no clock driven by root clock pin: main/checked/queue_reg[6][6]/Q (HIGH)

 There are 3 register/latch pins with no clock driven by root clock pin: main/checked/queue_reg[6][7]/Q (HIGH)

 There are 3 register/latch pins with no clock driven by root clock pin: main/checked/queue_reg[6][8]/Q (HIGH)

 There are 3 register/latch pins with no clock driven by root clock pin: main/checked/queue_reg[6][9]/Q (HIGH)

 There are 3 register/latch pins with no clock driven by root clock pin: main/checked/queue_reg[7][0]/Q (HIGH)

 There are 3 register/latch pins with no clock driven by root clock pin: main/checked/queue_reg[7][10]/Q (HIGH)

 There are 3 register/latch pins with no clock driven by root clock pin: main/checked/queue_reg[7][11]/Q (HIGH)

 There are 3 register/latch pins with no clock driven by root clock pin: main/checked/queue_reg[7][12]/Q (HIGH)

 There are 3 register/latch pins with no clock driven by root clock pin: main/checked/queue_reg[7][13]/Q (HIGH)

 There are 3 register/latch pins with no clock driven by root clock pin: main/checked/queue_reg[7][14]/Q (HIGH)

 There are 3 register/latch pins with no clock driven by root clock pin: main/checked/queue_reg[7][15]/Q (HIGH)

 There are 3 register/latch pins with no clock driven by root clock pin: main/checked/queue_reg[7][16]/Q (HIGH)

 There are 3 register/latch pins with no clock driven by root clock pin: main/checked/queue_reg[7][17]/Q (HIGH)

 There are 3 register/latch pins with no clock driven by root clock pin: main/checked/queue_reg[7][18]/Q (HIGH)

 There are 3 register/latch pins with no clock driven by root clock pin: main/checked/queue_reg[7][19]/Q (HIGH)

 There are 3 register/latch pins with no clock driven by root clock pin: main/checked/queue_reg[7][1]/Q (HIGH)

 There are 3 register/latch pins with no clock driven by root clock pin: main/checked/queue_reg[7][20]/Q (HIGH)

 There are 3 register/latch pins with no clock driven by root clock pin: main/checked/queue_reg[7][21]/Q (HIGH)

 There are 3 register/latch pins with no clock driven by root clock pin: main/checked/queue_reg[7][22]/Q (HIGH)

 There are 3 register/latch pins with no clock driven by root clock pin: main/checked/queue_reg[7][23]/Q (HIGH)

 There are 3 register/latch pins with no clock driven by root clock pin: main/checked/queue_reg[7][24]/Q (HIGH)

 There are 3 register/latch pins with no clock driven by root clock pin: main/checked/queue_reg[7][25]/Q (HIGH)

 There are 3 register/latch pins with no clock driven by root clock pin: main/checked/queue_reg[7][26]/Q (HIGH)

 There are 3 register/latch pins with no clock driven by root clock pin: main/checked/queue_reg[7][27]/Q (HIGH)

 There are 3 register/latch pins with no clock driven by root clock pin: main/checked/queue_reg[7][28]/Q (HIGH)

 There are 3 register/latch pins with no clock driven by root clock pin: main/checked/queue_reg[7][29]/Q (HIGH)

 There are 3 register/latch pins with no clock driven by root clock pin: main/checked/queue_reg[7][2]/Q (HIGH)

 There are 3 register/latch pins with no clock driven by root clock pin: main/checked/queue_reg[7][30]/Q (HIGH)

 There are 3 register/latch pins with no clock driven by root clock pin: main/checked/queue_reg[7][31]/Q (HIGH)

 There are 3 register/latch pins with no clock driven by root clock pin: main/checked/queue_reg[7][3]/Q (HIGH)

 There are 3 register/latch pins with no clock driven by root clock pin: main/checked/queue_reg[7][4]/Q (HIGH)

 There are 3 register/latch pins with no clock driven by root clock pin: main/checked/queue_reg[7][5]/Q (HIGH)

 There are 3 register/latch pins with no clock driven by root clock pin: main/checked/queue_reg[7][6]/Q (HIGH)

 There are 3 register/latch pins with no clock driven by root clock pin: main/checked/queue_reg[7][7]/Q (HIGH)

 There are 3 register/latch pins with no clock driven by root clock pin: main/checked/queue_reg[7][8]/Q (HIGH)

 There are 3 register/latch pins with no clock driven by root clock pin: main/checked/queue_reg[7][9]/Q (HIGH)

 There are 4 register/latch pins with no clock driven by root clock pin: main/checked/valid_reg[0]/Q (HIGH)

 There are 3 register/latch pins with no clock driven by root clock pin: main/checked/valid_reg[1]/Q (HIGH)

 There are 3 register/latch pins with no clock driven by root clock pin: main/checked/valid_reg[2]/Q (HIGH)

 There are 3 register/latch pins with no clock driven by root clock pin: main/checked/valid_reg[3]/Q (HIGH)

 There are 3 register/latch pins with no clock driven by root clock pin: main/checked/valid_reg[4]/Q (HIGH)

 There are 3 register/latch pins with no clock driven by root clock pin: main/checked/valid_reg[5]/Q (HIGH)

 There are 3 register/latch pins with no clock driven by root clock pin: main/checked/valid_reg[6]/Q (HIGH)

 There are 3 register/latch pins with no clock driven by root clock pin: main/checked/valid_reg[7]/Q (HIGH)

 There are 4 register/latch pins with no clock driven by root clock pin: main/checked_min_deq_reg/Q (HIGH)

 There are 4 register/latch pins with no clock driven by root clock pin: main/checked_min_deq_reg_rep/Q (HIGH)

 There are 4 register/latch pins with no clock driven by root clock pin: main/s/queue_reg[0][0]/Q (HIGH)

 There are 4 register/latch pins with no clock driven by root clock pin: main/s/queue_reg[0][10]/Q (HIGH)

 There are 4 register/latch pins with no clock driven by root clock pin: main/s/queue_reg[0][11]/Q (HIGH)

 There are 4 register/latch pins with no clock driven by root clock pin: main/s/queue_reg[0][12]/Q (HIGH)

 There are 4 register/latch pins with no clock driven by root clock pin: main/s/queue_reg[0][13]/Q (HIGH)

 There are 4 register/latch pins with no clock driven by root clock pin: main/s/queue_reg[0][14]/Q (HIGH)

 There are 4 register/latch pins with no clock driven by root clock pin: main/s/queue_reg[0][15]/Q (HIGH)

 There are 4 register/latch pins with no clock driven by root clock pin: main/s/queue_reg[0][16]/Q (HIGH)

 There are 4 register/latch pins with no clock driven by root clock pin: main/s/queue_reg[0][17]/Q (HIGH)

 There are 4 register/latch pins with no clock driven by root clock pin: main/s/queue_reg[0][18]/Q (HIGH)

 There are 4 register/latch pins with no clock driven by root clock pin: main/s/queue_reg[0][19]/Q (HIGH)

 There are 4 register/latch pins with no clock driven by root clock pin: main/s/queue_reg[0][1]/Q (HIGH)

 There are 4 register/latch pins with no clock driven by root clock pin: main/s/queue_reg[0][20]/Q (HIGH)

 There are 4 register/latch pins with no clock driven by root clock pin: main/s/queue_reg[0][21]/Q (HIGH)

 There are 4 register/latch pins with no clock driven by root clock pin: main/s/queue_reg[0][22]/Q (HIGH)

 There are 4 register/latch pins with no clock driven by root clock pin: main/s/queue_reg[0][23]/Q (HIGH)

 There are 4 register/latch pins with no clock driven by root clock pin: main/s/queue_reg[0][24]/Q (HIGH)

 There are 4 register/latch pins with no clock driven by root clock pin: main/s/queue_reg[0][25]/Q (HIGH)

 There are 4 register/latch pins with no clock driven by root clock pin: main/s/queue_reg[0][26]/Q (HIGH)

 There are 4 register/latch pins with no clock driven by root clock pin: main/s/queue_reg[0][27]/Q (HIGH)

 There are 4 register/latch pins with no clock driven by root clock pin: main/s/queue_reg[0][28]/Q (HIGH)

 There are 4 register/latch pins with no clock driven by root clock pin: main/s/queue_reg[0][29]/Q (HIGH)

 There are 4 register/latch pins with no clock driven by root clock pin: main/s/queue_reg[0][2]/Q (HIGH)

 There are 4 register/latch pins with no clock driven by root clock pin: main/s/queue_reg[0][30]/Q (HIGH)

 There are 4 register/latch pins with no clock driven by root clock pin: main/s/queue_reg[0][31]/Q (HIGH)

 There are 4 register/latch pins with no clock driven by root clock pin: main/s/queue_reg[0][3]/Q (HIGH)

 There are 4 register/latch pins with no clock driven by root clock pin: main/s/queue_reg[0][4]/Q (HIGH)

 There are 4 register/latch pins with no clock driven by root clock pin: main/s/queue_reg[0][5]/Q (HIGH)

 There are 4 register/latch pins with no clock driven by root clock pin: main/s/queue_reg[0][6]/Q (HIGH)

 There are 4 register/latch pins with no clock driven by root clock pin: main/s/queue_reg[0][7]/Q (HIGH)

 There are 4 register/latch pins with no clock driven by root clock pin: main/s/queue_reg[0][8]/Q (HIGH)

 There are 4 register/latch pins with no clock driven by root clock pin: main/s/queue_reg[0][9]/Q (HIGH)

 There are 4 register/latch pins with no clock driven by root clock pin: main/s/queue_reg[1][0]/Q (HIGH)

 There are 4 register/latch pins with no clock driven by root clock pin: main/s/queue_reg[1][10]/Q (HIGH)

 There are 4 register/latch pins with no clock driven by root clock pin: main/s/queue_reg[1][11]/Q (HIGH)

 There are 4 register/latch pins with no clock driven by root clock pin: main/s/queue_reg[1][12]/Q (HIGH)

 There are 4 register/latch pins with no clock driven by root clock pin: main/s/queue_reg[1][13]/Q (HIGH)

 There are 4 register/latch pins with no clock driven by root clock pin: main/s/queue_reg[1][14]/Q (HIGH)

 There are 4 register/latch pins with no clock driven by root clock pin: main/s/queue_reg[1][15]/Q (HIGH)

 There are 4 register/latch pins with no clock driven by root clock pin: main/s/queue_reg[1][16]/Q (HIGH)

 There are 4 register/latch pins with no clock driven by root clock pin: main/s/queue_reg[1][17]/Q (HIGH)

 There are 4 register/latch pins with no clock driven by root clock pin: main/s/queue_reg[1][18]/Q (HIGH)

 There are 4 register/latch pins with no clock driven by root clock pin: main/s/queue_reg[1][19]/Q (HIGH)

 There are 4 register/latch pins with no clock driven by root clock pin: main/s/queue_reg[1][1]/Q (HIGH)

 There are 4 register/latch pins with no clock driven by root clock pin: main/s/queue_reg[1][20]/Q (HIGH)

 There are 4 register/latch pins with no clock driven by root clock pin: main/s/queue_reg[1][21]/Q (HIGH)

 There are 4 register/latch pins with no clock driven by root clock pin: main/s/queue_reg[1][22]/Q (HIGH)

 There are 4 register/latch pins with no clock driven by root clock pin: main/s/queue_reg[1][23]/Q (HIGH)

 There are 4 register/latch pins with no clock driven by root clock pin: main/s/queue_reg[1][24]/Q (HIGH)

 There are 4 register/latch pins with no clock driven by root clock pin: main/s/queue_reg[1][25]/Q (HIGH)

 There are 4 register/latch pins with no clock driven by root clock pin: main/s/queue_reg[1][26]/Q (HIGH)

 There are 4 register/latch pins with no clock driven by root clock pin: main/s/queue_reg[1][27]/Q (HIGH)

 There are 4 register/latch pins with no clock driven by root clock pin: main/s/queue_reg[1][28]/Q (HIGH)

 There are 4 register/latch pins with no clock driven by root clock pin: main/s/queue_reg[1][29]/Q (HIGH)

 There are 4 register/latch pins with no clock driven by root clock pin: main/s/queue_reg[1][2]/Q (HIGH)

 There are 4 register/latch pins with no clock driven by root clock pin: main/s/queue_reg[1][30]/Q (HIGH)

 There are 4 register/latch pins with no clock driven by root clock pin: main/s/queue_reg[1][31]/Q (HIGH)

 There are 4 register/latch pins with no clock driven by root clock pin: main/s/queue_reg[1][3]/Q (HIGH)

 There are 4 register/latch pins with no clock driven by root clock pin: main/s/queue_reg[1][4]/Q (HIGH)

 There are 4 register/latch pins with no clock driven by root clock pin: main/s/queue_reg[1][5]/Q (HIGH)

 There are 4 register/latch pins with no clock driven by root clock pin: main/s/queue_reg[1][6]/Q (HIGH)

 There are 4 register/latch pins with no clock driven by root clock pin: main/s/queue_reg[1][7]/Q (HIGH)

 There are 4 register/latch pins with no clock driven by root clock pin: main/s/queue_reg[1][8]/Q (HIGH)

 There are 4 register/latch pins with no clock driven by root clock pin: main/s/queue_reg[1][9]/Q (HIGH)

 There are 4 register/latch pins with no clock driven by root clock pin: main/s/queue_reg[2][0]/Q (HIGH)

 There are 4 register/latch pins with no clock driven by root clock pin: main/s/queue_reg[2][10]/Q (HIGH)

 There are 4 register/latch pins with no clock driven by root clock pin: main/s/queue_reg[2][11]/Q (HIGH)

 There are 4 register/latch pins with no clock driven by root clock pin: main/s/queue_reg[2][12]/Q (HIGH)

 There are 4 register/latch pins with no clock driven by root clock pin: main/s/queue_reg[2][13]/Q (HIGH)

 There are 4 register/latch pins with no clock driven by root clock pin: main/s/queue_reg[2][14]/Q (HIGH)

 There are 4 register/latch pins with no clock driven by root clock pin: main/s/queue_reg[2][15]/Q (HIGH)

 There are 4 register/latch pins with no clock driven by root clock pin: main/s/queue_reg[2][16]/Q (HIGH)

 There are 4 register/latch pins with no clock driven by root clock pin: main/s/queue_reg[2][17]/Q (HIGH)

 There are 4 register/latch pins with no clock driven by root clock pin: main/s/queue_reg[2][18]/Q (HIGH)

 There are 4 register/latch pins with no clock driven by root clock pin: main/s/queue_reg[2][19]/Q (HIGH)

 There are 4 register/latch pins with no clock driven by root clock pin: main/s/queue_reg[2][1]/Q (HIGH)

 There are 4 register/latch pins with no clock driven by root clock pin: main/s/queue_reg[2][20]/Q (HIGH)

 There are 4 register/latch pins with no clock driven by root clock pin: main/s/queue_reg[2][21]/Q (HIGH)

 There are 4 register/latch pins with no clock driven by root clock pin: main/s/queue_reg[2][22]/Q (HIGH)

 There are 4 register/latch pins with no clock driven by root clock pin: main/s/queue_reg[2][23]/Q (HIGH)

 There are 4 register/latch pins with no clock driven by root clock pin: main/s/queue_reg[2][24]/Q (HIGH)

 There are 4 register/latch pins with no clock driven by root clock pin: main/s/queue_reg[2][25]/Q (HIGH)

 There are 4 register/latch pins with no clock driven by root clock pin: main/s/queue_reg[2][26]/Q (HIGH)

 There are 4 register/latch pins with no clock driven by root clock pin: main/s/queue_reg[2][27]/Q (HIGH)

 There are 4 register/latch pins with no clock driven by root clock pin: main/s/queue_reg[2][28]/Q (HIGH)

 There are 4 register/latch pins with no clock driven by root clock pin: main/s/queue_reg[2][29]/Q (HIGH)

 There are 4 register/latch pins with no clock driven by root clock pin: main/s/queue_reg[2][2]/Q (HIGH)

 There are 4 register/latch pins with no clock driven by root clock pin: main/s/queue_reg[2][30]/Q (HIGH)

 There are 4 register/latch pins with no clock driven by root clock pin: main/s/queue_reg[2][31]/Q (HIGH)

 There are 4 register/latch pins with no clock driven by root clock pin: main/s/queue_reg[2][3]/Q (HIGH)

 There are 4 register/latch pins with no clock driven by root clock pin: main/s/queue_reg[2][4]/Q (HIGH)

 There are 4 register/latch pins with no clock driven by root clock pin: main/s/queue_reg[2][5]/Q (HIGH)

 There are 4 register/latch pins with no clock driven by root clock pin: main/s/queue_reg[2][6]/Q (HIGH)

 There are 4 register/latch pins with no clock driven by root clock pin: main/s/queue_reg[2][7]/Q (HIGH)

 There are 4 register/latch pins with no clock driven by root clock pin: main/s/queue_reg[2][8]/Q (HIGH)

 There are 4 register/latch pins with no clock driven by root clock pin: main/s/queue_reg[2][9]/Q (HIGH)

 There are 4 register/latch pins with no clock driven by root clock pin: main/s/queue_reg[3][0]/Q (HIGH)

 There are 4 register/latch pins with no clock driven by root clock pin: main/s/queue_reg[3][10]/Q (HIGH)

 There are 4 register/latch pins with no clock driven by root clock pin: main/s/queue_reg[3][11]/Q (HIGH)

 There are 4 register/latch pins with no clock driven by root clock pin: main/s/queue_reg[3][12]/Q (HIGH)

 There are 4 register/latch pins with no clock driven by root clock pin: main/s/queue_reg[3][13]/Q (HIGH)

 There are 4 register/latch pins with no clock driven by root clock pin: main/s/queue_reg[3][14]/Q (HIGH)

 There are 4 register/latch pins with no clock driven by root clock pin: main/s/queue_reg[3][15]/Q (HIGH)

 There are 4 register/latch pins with no clock driven by root clock pin: main/s/queue_reg[3][16]/Q (HIGH)

 There are 4 register/latch pins with no clock driven by root clock pin: main/s/queue_reg[3][17]/Q (HIGH)

 There are 4 register/latch pins with no clock driven by root clock pin: main/s/queue_reg[3][18]/Q (HIGH)

 There are 4 register/latch pins with no clock driven by root clock pin: main/s/queue_reg[3][19]/Q (HIGH)

 There are 4 register/latch pins with no clock driven by root clock pin: main/s/queue_reg[3][1]/Q (HIGH)

 There are 4 register/latch pins with no clock driven by root clock pin: main/s/queue_reg[3][20]/Q (HIGH)

 There are 4 register/latch pins with no clock driven by root clock pin: main/s/queue_reg[3][21]/Q (HIGH)

 There are 4 register/latch pins with no clock driven by root clock pin: main/s/queue_reg[3][22]/Q (HIGH)

 There are 4 register/latch pins with no clock driven by root clock pin: main/s/queue_reg[3][23]/Q (HIGH)

 There are 4 register/latch pins with no clock driven by root clock pin: main/s/queue_reg[3][24]/Q (HIGH)

 There are 4 register/latch pins with no clock driven by root clock pin: main/s/queue_reg[3][25]/Q (HIGH)

 There are 4 register/latch pins with no clock driven by root clock pin: main/s/queue_reg[3][26]/Q (HIGH)

 There are 4 register/latch pins with no clock driven by root clock pin: main/s/queue_reg[3][27]/Q (HIGH)

 There are 4 register/latch pins with no clock driven by root clock pin: main/s/queue_reg[3][28]/Q (HIGH)

 There are 4 register/latch pins with no clock driven by root clock pin: main/s/queue_reg[3][29]/Q (HIGH)

 There are 4 register/latch pins with no clock driven by root clock pin: main/s/queue_reg[3][2]/Q (HIGH)

 There are 4 register/latch pins with no clock driven by root clock pin: main/s/queue_reg[3][30]/Q (HIGH)

 There are 4 register/latch pins with no clock driven by root clock pin: main/s/queue_reg[3][31]/Q (HIGH)

 There are 4 register/latch pins with no clock driven by root clock pin: main/s/queue_reg[3][3]/Q (HIGH)

 There are 4 register/latch pins with no clock driven by root clock pin: main/s/queue_reg[3][4]/Q (HIGH)

 There are 4 register/latch pins with no clock driven by root clock pin: main/s/queue_reg[3][5]/Q (HIGH)

 There are 4 register/latch pins with no clock driven by root clock pin: main/s/queue_reg[3][6]/Q (HIGH)

 There are 4 register/latch pins with no clock driven by root clock pin: main/s/queue_reg[3][7]/Q (HIGH)

 There are 4 register/latch pins with no clock driven by root clock pin: main/s/queue_reg[3][8]/Q (HIGH)

 There are 4 register/latch pins with no clock driven by root clock pin: main/s/queue_reg[3][9]/Q (HIGH)

 There are 4 register/latch pins with no clock driven by root clock pin: main/s/queue_reg[4][0]/Q (HIGH)

 There are 4 register/latch pins with no clock driven by root clock pin: main/s/queue_reg[4][10]/Q (HIGH)

 There are 4 register/latch pins with no clock driven by root clock pin: main/s/queue_reg[4][11]/Q (HIGH)

 There are 4 register/latch pins with no clock driven by root clock pin: main/s/queue_reg[4][12]/Q (HIGH)

 There are 4 register/latch pins with no clock driven by root clock pin: main/s/queue_reg[4][13]/Q (HIGH)

 There are 4 register/latch pins with no clock driven by root clock pin: main/s/queue_reg[4][14]/Q (HIGH)

 There are 4 register/latch pins with no clock driven by root clock pin: main/s/queue_reg[4][15]/Q (HIGH)

 There are 4 register/latch pins with no clock driven by root clock pin: main/s/queue_reg[4][16]/Q (HIGH)

 There are 4 register/latch pins with no clock driven by root clock pin: main/s/queue_reg[4][17]/Q (HIGH)

 There are 4 register/latch pins with no clock driven by root clock pin: main/s/queue_reg[4][18]/Q (HIGH)

 There are 4 register/latch pins with no clock driven by root clock pin: main/s/queue_reg[4][19]/Q (HIGH)

 There are 4 register/latch pins with no clock driven by root clock pin: main/s/queue_reg[4][1]/Q (HIGH)

 There are 4 register/latch pins with no clock driven by root clock pin: main/s/queue_reg[4][20]/Q (HIGH)

 There are 4 register/latch pins with no clock driven by root clock pin: main/s/queue_reg[4][21]/Q (HIGH)

 There are 4 register/latch pins with no clock driven by root clock pin: main/s/queue_reg[4][22]/Q (HIGH)

 There are 4 register/latch pins with no clock driven by root clock pin: main/s/queue_reg[4][23]/Q (HIGH)

 There are 4 register/latch pins with no clock driven by root clock pin: main/s/queue_reg[4][24]/Q (HIGH)

 There are 4 register/latch pins with no clock driven by root clock pin: main/s/queue_reg[4][25]/Q (HIGH)

 There are 4 register/latch pins with no clock driven by root clock pin: main/s/queue_reg[4][26]/Q (HIGH)

 There are 4 register/latch pins with no clock driven by root clock pin: main/s/queue_reg[4][27]/Q (HIGH)

 There are 4 register/latch pins with no clock driven by root clock pin: main/s/queue_reg[4][28]/Q (HIGH)

 There are 4 register/latch pins with no clock driven by root clock pin: main/s/queue_reg[4][29]/Q (HIGH)

 There are 4 register/latch pins with no clock driven by root clock pin: main/s/queue_reg[4][2]/Q (HIGH)

 There are 4 register/latch pins with no clock driven by root clock pin: main/s/queue_reg[4][30]/Q (HIGH)

 There are 4 register/latch pins with no clock driven by root clock pin: main/s/queue_reg[4][31]/Q (HIGH)

 There are 4 register/latch pins with no clock driven by root clock pin: main/s/queue_reg[4][3]/Q (HIGH)

 There are 4 register/latch pins with no clock driven by root clock pin: main/s/queue_reg[4][4]/Q (HIGH)

 There are 4 register/latch pins with no clock driven by root clock pin: main/s/queue_reg[4][5]/Q (HIGH)

 There are 4 register/latch pins with no clock driven by root clock pin: main/s/queue_reg[4][6]/Q (HIGH)

 There are 4 register/latch pins with no clock driven by root clock pin: main/s/queue_reg[4][7]/Q (HIGH)

 There are 4 register/latch pins with no clock driven by root clock pin: main/s/queue_reg[4][8]/Q (HIGH)

 There are 4 register/latch pins with no clock driven by root clock pin: main/s/queue_reg[4][9]/Q (HIGH)

 There are 4 register/latch pins with no clock driven by root clock pin: main/s/queue_reg[5][0]/Q (HIGH)

 There are 4 register/latch pins with no clock driven by root clock pin: main/s/queue_reg[5][10]/Q (HIGH)

 There are 4 register/latch pins with no clock driven by root clock pin: main/s/queue_reg[5][11]/Q (HIGH)

 There are 4 register/latch pins with no clock driven by root clock pin: main/s/queue_reg[5][12]/Q (HIGH)

 There are 4 register/latch pins with no clock driven by root clock pin: main/s/queue_reg[5][13]/Q (HIGH)

 There are 4 register/latch pins with no clock driven by root clock pin: main/s/queue_reg[5][14]/Q (HIGH)

 There are 4 register/latch pins with no clock driven by root clock pin: main/s/queue_reg[5][15]/Q (HIGH)

 There are 4 register/latch pins with no clock driven by root clock pin: main/s/queue_reg[5][16]/Q (HIGH)

 There are 4 register/latch pins with no clock driven by root clock pin: main/s/queue_reg[5][17]/Q (HIGH)

 There are 4 register/latch pins with no clock driven by root clock pin: main/s/queue_reg[5][18]/Q (HIGH)

 There are 4 register/latch pins with no clock driven by root clock pin: main/s/queue_reg[5][19]/Q (HIGH)

 There are 4 register/latch pins with no clock driven by root clock pin: main/s/queue_reg[5][1]/Q (HIGH)

 There are 4 register/latch pins with no clock driven by root clock pin: main/s/queue_reg[5][20]/Q (HIGH)

 There are 4 register/latch pins with no clock driven by root clock pin: main/s/queue_reg[5][21]/Q (HIGH)

 There are 4 register/latch pins with no clock driven by root clock pin: main/s/queue_reg[5][22]/Q (HIGH)

 There are 4 register/latch pins with no clock driven by root clock pin: main/s/queue_reg[5][23]/Q (HIGH)

 There are 4 register/latch pins with no clock driven by root clock pin: main/s/queue_reg[5][24]/Q (HIGH)

 There are 4 register/latch pins with no clock driven by root clock pin: main/s/queue_reg[5][25]/Q (HIGH)

 There are 4 register/latch pins with no clock driven by root clock pin: main/s/queue_reg[5][26]/Q (HIGH)

 There are 4 register/latch pins with no clock driven by root clock pin: main/s/queue_reg[5][27]/Q (HIGH)

 There are 4 register/latch pins with no clock driven by root clock pin: main/s/queue_reg[5][28]/Q (HIGH)

 There are 4 register/latch pins with no clock driven by root clock pin: main/s/queue_reg[5][29]/Q (HIGH)

 There are 4 register/latch pins with no clock driven by root clock pin: main/s/queue_reg[5][2]/Q (HIGH)

 There are 4 register/latch pins with no clock driven by root clock pin: main/s/queue_reg[5][30]/Q (HIGH)

 There are 4 register/latch pins with no clock driven by root clock pin: main/s/queue_reg[5][31]/Q (HIGH)

 There are 4 register/latch pins with no clock driven by root clock pin: main/s/queue_reg[5][3]/Q (HIGH)

 There are 4 register/latch pins with no clock driven by root clock pin: main/s/queue_reg[5][4]/Q (HIGH)

 There are 4 register/latch pins with no clock driven by root clock pin: main/s/queue_reg[5][5]/Q (HIGH)

 There are 4 register/latch pins with no clock driven by root clock pin: main/s/queue_reg[5][6]/Q (HIGH)

 There are 4 register/latch pins with no clock driven by root clock pin: main/s/queue_reg[5][7]/Q (HIGH)

 There are 4 register/latch pins with no clock driven by root clock pin: main/s/queue_reg[5][8]/Q (HIGH)

 There are 4 register/latch pins with no clock driven by root clock pin: main/s/queue_reg[5][9]/Q (HIGH)

 There are 4 register/latch pins with no clock driven by root clock pin: main/s/queue_reg[6][0]/Q (HIGH)

 There are 4 register/latch pins with no clock driven by root clock pin: main/s/queue_reg[6][10]/Q (HIGH)

 There are 4 register/latch pins with no clock driven by root clock pin: main/s/queue_reg[6][11]/Q (HIGH)

 There are 4 register/latch pins with no clock driven by root clock pin: main/s/queue_reg[6][12]/Q (HIGH)

 There are 4 register/latch pins with no clock driven by root clock pin: main/s/queue_reg[6][13]/Q (HIGH)

 There are 4 register/latch pins with no clock driven by root clock pin: main/s/queue_reg[6][14]/Q (HIGH)

 There are 4 register/latch pins with no clock driven by root clock pin: main/s/queue_reg[6][15]/Q (HIGH)

 There are 4 register/latch pins with no clock driven by root clock pin: main/s/queue_reg[6][16]/Q (HIGH)

 There are 4 register/latch pins with no clock driven by root clock pin: main/s/queue_reg[6][17]/Q (HIGH)

 There are 4 register/latch pins with no clock driven by root clock pin: main/s/queue_reg[6][18]/Q (HIGH)

 There are 4 register/latch pins with no clock driven by root clock pin: main/s/queue_reg[6][19]/Q (HIGH)

 There are 4 register/latch pins with no clock driven by root clock pin: main/s/queue_reg[6][1]/Q (HIGH)

 There are 4 register/latch pins with no clock driven by root clock pin: main/s/queue_reg[6][20]/Q (HIGH)

 There are 4 register/latch pins with no clock driven by root clock pin: main/s/queue_reg[6][21]/Q (HIGH)

 There are 4 register/latch pins with no clock driven by root clock pin: main/s/queue_reg[6][22]/Q (HIGH)

 There are 4 register/latch pins with no clock driven by root clock pin: main/s/queue_reg[6][23]/Q (HIGH)

 There are 4 register/latch pins with no clock driven by root clock pin: main/s/queue_reg[6][24]/Q (HIGH)

 There are 4 register/latch pins with no clock driven by root clock pin: main/s/queue_reg[6][25]/Q (HIGH)

 There are 4 register/latch pins with no clock driven by root clock pin: main/s/queue_reg[6][26]/Q (HIGH)

 There are 4 register/latch pins with no clock driven by root clock pin: main/s/queue_reg[6][27]/Q (HIGH)

 There are 4 register/latch pins with no clock driven by root clock pin: main/s/queue_reg[6][28]/Q (HIGH)

 There are 4 register/latch pins with no clock driven by root clock pin: main/s/queue_reg[6][29]/Q (HIGH)

 There are 4 register/latch pins with no clock driven by root clock pin: main/s/queue_reg[6][2]/Q (HIGH)

 There are 4 register/latch pins with no clock driven by root clock pin: main/s/queue_reg[6][30]/Q (HIGH)

 There are 4 register/latch pins with no clock driven by root clock pin: main/s/queue_reg[6][31]/Q (HIGH)

 There are 4 register/latch pins with no clock driven by root clock pin: main/s/queue_reg[6][3]/Q (HIGH)

 There are 4 register/latch pins with no clock driven by root clock pin: main/s/queue_reg[6][4]/Q (HIGH)

 There are 4 register/latch pins with no clock driven by root clock pin: main/s/queue_reg[6][5]/Q (HIGH)

 There are 4 register/latch pins with no clock driven by root clock pin: main/s/queue_reg[6][6]/Q (HIGH)

 There are 4 register/latch pins with no clock driven by root clock pin: main/s/queue_reg[6][7]/Q (HIGH)

 There are 4 register/latch pins with no clock driven by root clock pin: main/s/queue_reg[6][8]/Q (HIGH)

 There are 4 register/latch pins with no clock driven by root clock pin: main/s/queue_reg[6][9]/Q (HIGH)

 There are 4 register/latch pins with no clock driven by root clock pin: main/s/queue_reg[7][0]/Q (HIGH)

 There are 4 register/latch pins with no clock driven by root clock pin: main/s/queue_reg[7][10]/Q (HIGH)

 There are 4 register/latch pins with no clock driven by root clock pin: main/s/queue_reg[7][11]/Q (HIGH)

 There are 4 register/latch pins with no clock driven by root clock pin: main/s/queue_reg[7][12]/Q (HIGH)

 There are 4 register/latch pins with no clock driven by root clock pin: main/s/queue_reg[7][13]/Q (HIGH)

 There are 4 register/latch pins with no clock driven by root clock pin: main/s/queue_reg[7][14]/Q (HIGH)

 There are 4 register/latch pins with no clock driven by root clock pin: main/s/queue_reg[7][15]/Q (HIGH)

 There are 4 register/latch pins with no clock driven by root clock pin: main/s/queue_reg[7][16]/Q (HIGH)

 There are 4 register/latch pins with no clock driven by root clock pin: main/s/queue_reg[7][17]/Q (HIGH)

 There are 4 register/latch pins with no clock driven by root clock pin: main/s/queue_reg[7][18]/Q (HIGH)

 There are 4 register/latch pins with no clock driven by root clock pin: main/s/queue_reg[7][19]/Q (HIGH)

 There are 4 register/latch pins with no clock driven by root clock pin: main/s/queue_reg[7][1]/Q (HIGH)

 There are 4 register/latch pins with no clock driven by root clock pin: main/s/queue_reg[7][20]/Q (HIGH)

 There are 4 register/latch pins with no clock driven by root clock pin: main/s/queue_reg[7][21]/Q (HIGH)

 There are 4 register/latch pins with no clock driven by root clock pin: main/s/queue_reg[7][22]/Q (HIGH)

 There are 4 register/latch pins with no clock driven by root clock pin: main/s/queue_reg[7][23]/Q (HIGH)

 There are 4 register/latch pins with no clock driven by root clock pin: main/s/queue_reg[7][24]/Q (HIGH)

 There are 4 register/latch pins with no clock driven by root clock pin: main/s/queue_reg[7][25]/Q (HIGH)

 There are 4 register/latch pins with no clock driven by root clock pin: main/s/queue_reg[7][26]/Q (HIGH)

 There are 4 register/latch pins with no clock driven by root clock pin: main/s/queue_reg[7][27]/Q (HIGH)

 There are 4 register/latch pins with no clock driven by root clock pin: main/s/queue_reg[7][28]/Q (HIGH)

 There are 4 register/latch pins with no clock driven by root clock pin: main/s/queue_reg[7][29]/Q (HIGH)

 There are 4 register/latch pins with no clock driven by root clock pin: main/s/queue_reg[7][2]/Q (HIGH)

 There are 4 register/latch pins with no clock driven by root clock pin: main/s/queue_reg[7][30]/Q (HIGH)

 There are 4 register/latch pins with no clock driven by root clock pin: main/s/queue_reg[7][31]/Q (HIGH)

 There are 4 register/latch pins with no clock driven by root clock pin: main/s/queue_reg[7][3]/Q (HIGH)

 There are 4 register/latch pins with no clock driven by root clock pin: main/s/queue_reg[7][4]/Q (HIGH)

 There are 4 register/latch pins with no clock driven by root clock pin: main/s/queue_reg[7][5]/Q (HIGH)

 There are 4 register/latch pins with no clock driven by root clock pin: main/s/queue_reg[7][6]/Q (HIGH)

 There are 4 register/latch pins with no clock driven by root clock pin: main/s/queue_reg[7][7]/Q (HIGH)

 There are 4 register/latch pins with no clock driven by root clock pin: main/s/queue_reg[7][8]/Q (HIGH)

 There are 4 register/latch pins with no clock driven by root clock pin: main/s/queue_reg[7][9]/Q (HIGH)

 There are 4 register/latch pins with no clock driven by root clock pin: main/s/valid_reg[0]/Q (HIGH)

 There are 4 register/latch pins with no clock driven by root clock pin: main/s/valid_reg[1]/Q (HIGH)

 There are 4 register/latch pins with no clock driven by root clock pin: main/s/valid_reg[2]/Q (HIGH)

 There are 4 register/latch pins with no clock driven by root clock pin: main/s/valid_reg[3]/Q (HIGH)

 There are 4 register/latch pins with no clock driven by root clock pin: main/s/valid_reg[4]/Q (HIGH)

 There are 4 register/latch pins with no clock driven by root clock pin: main/s/valid_reg[5]/Q (HIGH)

 There are 4 register/latch pins with no clock driven by root clock pin: main/s/valid_reg[6]/Q (HIGH)

 There are 4 register/latch pins with no clock driven by root clock pin: main/s/valid_reg[7]/Q (HIGH)

 There are 22 register/latch pins with no clock driven by root clock pin: main/state_reg[0]/Q (HIGH)

 There are 22 register/latch pins with no clock driven by root clock pin: main/state_reg[1]/Q (HIGH)

 There are 22 register/latch pins with no clock driven by root clock pin: main/state_reg[2]/Q (HIGH)


2. checking constant_clock (0)
------------------------------
 There are 0 register/latch pins with constant_clock.


3. checking pulse_width_clock (0)
---------------------------------
 There are 0 register/latch pins which need pulse_width check


4. checking unconstrained_internal_endpoints (32)
-------------------------------------------------
 There are 32 pins that are not constrained for maximum delay. (HIGH)

 There are 0 pins that are not constrained for maximum delay due to constant clock.


5. checking no_input_delay (2)
------------------------------
 There are 2 input ports with no input delay specified. (HIGH)

 There are 0 input ports with no input delay but user has a false path constraint.


6. checking no_output_delay (1)
-------------------------------
 There is 1 port with no output delay specified. (HIGH)

 There are 0 ports with no output delay but user has a false path constraint

 There are 0 ports with no output delay but with a timing clock defined on it or propagating through it


7. checking multiple_clock (0)
------------------------------
 There are 0 register/latch pins with multiple clocks.


8. checking generated_clocks (0)
--------------------------------
 There are 0 generated clocks that are not connected to a clock source.


9. checking loops (0)
---------------------
 There are 0 combinational loops in the design.


10. checking partial_input_delay (0)
------------------------------------
 There are 0 input ports with partial input delay specified.


11. checking partial_output_delay (0)
-------------------------------------
 There are 0 ports with partial output delay specified.


12. checking latch_loops (0)
----------------------------
 There are 0 combinational latch loops in the design through latch input



------------------------------------------------------------------------------------------------
| Design Timing Summary
| ---------------------
------------------------------------------------------------------------------------------------

    WNS(ns)      TNS(ns)  TNS Failing Endpoints  TNS Total Endpoints      WHS(ns)      THS(ns)  THS Failing Endpoints  THS Total Endpoints     WPWS(ns)     TPWS(ns)  TPWS Failing Endpoints  TPWS Total Endpoints  
    -------      -------  ---------------------  -------------------      -------      -------  ---------------------  -------------------     --------     --------  ----------------------  --------------------  
    -18.856     -640.852                     66                 3591        0.074        0.000                      0                 3591        2.750        0.000                       0                  1754  


Timing constraints are not met.


------------------------------------------------------------------------------------------------
| Clock Summary
| -------------
------------------------------------------------------------------------------------------------

Clock  Waveform(ns)       Period(ns)      Frequency(MHz)
-----  ------------       ----------      --------------
gclk   {0.000 4.000}      10.000          100.000         


------------------------------------------------------------------------------------------------
| Intra Clock Table
| -----------------
------------------------------------------------------------------------------------------------

Clock             WNS(ns)      TNS(ns)  TNS Failing Endpoints  TNS Total Endpoints      WHS(ns)      THS(ns)  THS Failing Endpoints  THS Total Endpoints     WPWS(ns)     TPWS(ns)  TPWS Failing Endpoints  TPWS Total Endpoints  
-----             -------      -------  ---------------------  -------------------      -------      -------  ---------------------  -------------------     --------     --------  ----------------------  --------------------  
gclk              -18.856     -640.852                     66                 3591        0.074        0.000                      0                 3591        2.750        0.000                       0                  1754  


------------------------------------------------------------------------------------------------
| Inter Clock Table
| -----------------
------------------------------------------------------------------------------------------------

From Clock    To Clock          WNS(ns)      TNS(ns)  TNS Failing Endpoints  TNS Total Endpoints      WHS(ns)      THS(ns)  THS Failing Endpoints  THS Total Endpoints  
----------    --------          -------      -------  ---------------------  -------------------      -------      -------  ---------------------  -------------------  


------------------------------------------------------------------------------------------------
| Other Path Groups Table
| -----------------------
------------------------------------------------------------------------------------------------

Path Group    From Clock    To Clock          WNS(ns)      TNS(ns)  TNS Failing Endpoints  TNS Total Endpoints      WHS(ns)      THS(ns)  THS Failing Endpoints  THS Total Endpoints  
----------    ----------    --------          -------      -------  ---------------------  -------------------      -------      -------  ---------------------  -------------------  


------------------------------------------------------------------------------------------------
| Timing Details
| --------------
------------------------------------------------------------------------------------------------


---------------------------------------------------------------------------------------------------
From Clock:  gclk
  To Clock:  gclk

Setup :           66  Failing Endpoints,  Worst Slack      -18.856ns,  Total Violation     -640.852ns
Hold  :            0  Failing Endpoints,  Worst Slack        0.074ns,  Total Violation        0.000ns
PW    :            0  Failing Endpoints,  Worst Slack        2.750ns,  Total Violation        0.000ns
---------------------------------------------------------------------------------------------------


Max Delay Paths
--------------------------------------------------------------------------------------
Slack (VIOLATED) :        -18.856ns  (required time - arrival time)
  Source:                 main/checked_min_deq_reg_rep/C
                            (rising edge-triggered cell FDRE clocked by gclk  {rise@0.000ns fall@4.000ns period=10.000ns})
  Destination:            main/checked/max_tag_out_reg[0]/D
                            (rising edge-triggered cell FDRE clocked by gclk  {rise@0.000ns fall@4.000ns period=10.000ns})
  Path Group:             gclk
  Path Type:              Setup (Max at Slow Process Corner)
  Requirement:            10.000ns  (gclk rise@10.000ns - gclk rise@0.000ns)
  Data Path Delay:        28.705ns  (logic 10.276ns (35.799%)  route 18.429ns (64.201%))
  Logic Levels:           54  (CARRY4=32 LUT2=5 LUT3=1 LUT4=3 LUT5=2 LUT6=11)
  Clock Path Skew:        -0.145ns (DCD - SCD + CPR)
    Destination Clock Delay (DCD):    2.660ns = ( 12.660 - 10.000 ) 
    Source Clock Delay      (SCD):    2.920ns
    Clock Pessimism Removal (CPR):    0.115ns
  Clock Uncertainty:      0.035ns  ((TSJ^2 + TIJ^2)^1/2 + DJ) / 2 + PE
    Total System Jitter     (TSJ):    0.071ns
    Total Input Jitter      (TIJ):    0.000ns
    Discrete Jitter          (DJ):    0.000ns
    Phase Error              (PE):    0.000ns

    Location             Delay type                Incr(ns)  Path(ns)    Netlist Resource(s)
  -------------------------------------------------------------------    -------------------
                         (clock gclk rise edge)       0.000     0.000 r  
    N15                                               0.000     0.000 r  clk_100mhz (IN)
                         net (fo=0)                   0.000     0.000    clk_100mhz
    N15                  IBUF (Prop_ibuf_I_O)         1.440     1.440 r  clk_100mhz_IBUF_inst/O
                         net (fo=1, unplaced)         0.800     2.240    clk_100mhz_IBUF
                         BUFG (Prop_bufg_I_O)         0.096     2.336 r  clk_100mhz_IBUF_BUFG_inst/O
                         net (fo=1753, unplaced)      0.584     2.920    main/clk_100mhz_IBUF_BUFG
                         FDRE                                         r  main/checked_min_deq_reg_rep/C
  -------------------------------------------------------------------    -------------------
                         FDRE (Prop_fdre_C_Q)         0.456     3.376 r  main/checked_min_deq_reg_rep/Q
                         net (fo=188, unplaced)       0.856     4.232    main/checked/push_lru_reg_0
                         LUT3 (Prop_lut3_I0_O)        0.295     4.527 r  main/checked/read_ptr_reg[3]__0_i_307/O
                         net (fo=1, unplaced)         0.000     4.527    main/checked/read_ptr_reg[3]__0_i_307_n_0
                         CARRY4 (Prop_carry4_S[1]_CO[3])
                                                      0.550     5.077 r  main/checked/read_ptr_reg[3]__0_i_160/CO[3]
                         net (fo=1, unplaced)         0.009     5.086    main/checked/read_ptr_reg[3]__0_i_160_n_0
                         CARRY4 (Prop_carry4_CI_CO[3])
                                                      0.114     5.200 r  main/checked/read_ptr_reg[3]__0_i_54/CO[3]
                         net (fo=1, unplaced)         0.000     5.200    main/checked/read_ptr_reg[3]__0_i_54_n_0
                         CARRY4 (Prop_carry4_CI_CO[3])
                                                      0.114     5.314 r  main/checked/read_ptr_reg[3]__0_i_19/CO[3]
                         net (fo=1, unplaced)         0.000     5.314    main/checked/read_ptr_reg[3]__0_i_19_n_0
                         CARRY4 (Prop_carry4_CI_CO[3])
                                                      0.114     5.428 r  main/checked/read_ptr_reg[3]__0_i_4/CO[3]
                         net (fo=19, unplaced)        0.977     6.405    main/checked/curval2
                         LUT2 (Prop_lut2_I1_O)        0.124     6.529 r  main/checked/read_ptr_reg[2]__0_i_28/O
                         net (fo=67, unplaced)        0.539     7.068    main/checked/p_1_in
                         LUT6 (Prop_lut6_I4_O)        0.124     7.192 r  main/checked/read_ptr_reg[3]__0_i_514/O
                         net (fo=1, unplaced)         0.639     7.831    main/checked/read_ptr_reg[3]__0_i_514_n_0
                         CARRY4 (Prop_carry4_DI[1]_CO[3])
                                                      0.507     8.338 r  main/checked/read_ptr_reg[3]__0_i_388/CO[3]
                         net (fo=1, unplaced)         0.009     8.347    main/checked/read_ptr_reg[3]__0_i_388_n_0
                         CARRY4 (Prop_carry4_CI_CO[3])
                                                      0.114     8.461 r  main/checked/read_ptr_reg[3]__0_i_245/CO[3]
                         net (fo=1, unplaced)         0.000     8.461    main/checked/read_ptr_reg[3]__0_i_245_n_0
                         CARRY4 (Prop_carry4_CI_CO[3])
                                                      0.114     8.575 r  main/checked/read_ptr_reg[3]__0_i_115/CO[3]
                         net (fo=1, unplaced)         0.000     8.575    main/checked/read_ptr_reg[3]__0_i_115_n_0
                         CARRY4 (Prop_carry4_CI_CO[3])
                                                      0.114     8.689 r  main/checked/read_ptr_reg[3]__0_i_41/CO[3]
                         net (fo=101, unplaced)       1.018     9.707    main/checked/curval240_in
                         LUT6 (Prop_lut6_I5_O)        0.124     9.831 r  main/checked/read_ptr_reg[3]__0_i_588/O
                         net (fo=4, unplaced)         0.473    10.304    main/checked/read_ptr_reg[3]__0_i_588_n_0
                         LUT4 (Prop_lut4_I2_O)        0.124    10.428 r  main/checked/read_ptr_reg[1]__0_i_87/O
                         net (fo=1, unplaced)         0.000    10.428    main/checked/read_ptr_reg[1]__0_i_87_n_0
                         CARRY4 (Prop_carry4_S[1]_CO[3])
                                                      0.550    10.978 r  main/checked/read_ptr_reg[1]__0_i_60/CO[3]
                         net (fo=1, unplaced)         0.009    10.987    main/checked/read_ptr_reg[1]__0_i_60_n_0
                         CARRY4 (Prop_carry4_CI_CO[3])
                                                      0.114    11.101 r  main/checked/read_ptr_reg[1]__0_i_38/CO[3]
                         net (fo=1, unplaced)         0.000    11.101    main/checked/read_ptr_reg[1]__0_i_38_n_0
                         CARRY4 (Prop_carry4_CI_CO[3])
                                                      0.114    11.215 r  main/checked/read_ptr_reg[1]__0_i_20/CO[3]
                         net (fo=1, unplaced)         0.000    11.215    main/checked/read_ptr_reg[1]__0_i_20_n_0
                         CARRY4 (Prop_carry4_CI_CO[3])
                                                      0.114    11.329 r  main/checked/read_ptr_reg[1]__0_i_10/CO[3]
                         net (fo=51, unplaced)        1.001    12.330    main/checked/curval242_in
                         LUT2 (Prop_lut2_I1_O)        0.124    12.454 r  main/checked/read_ptr_reg[1]__0_i_6/O
                         net (fo=69, unplaced)        0.509    12.963    main/checked/curval144_out
                         LUT6 (Prop_lut6_I2_O)        0.124    13.087 r  main/checked/read_ptr_reg[3]__0_i_498/O
                         net (fo=1, unplaced)         0.639    13.726    main/checked/read_ptr_reg[3]__0_i_498_n_0
                         CARRY4 (Prop_carry4_DI[1]_CO[3])
                                                      0.507    14.233 r  main/checked/read_ptr_reg[3]__0_i_371/CO[3]
                         net (fo=1, unplaced)         0.009    14.242    main/checked/read_ptr_reg[3]__0_i_371_n_0
                         CARRY4 (Prop_carry4_CI_CO[3])
                                                      0.114    14.356 r  main/checked/read_ptr_reg[3]__0_i_228/CO[3]
                         net (fo=1, unplaced)         0.000    14.356    main/checked/read_ptr_reg[3]__0_i_228_n_0
                         CARRY4 (Prop_carry4_CI_CO[3])
                                                      0.114    14.470 r  main/checked/read_ptr_reg[3]__0_i_106/CO[3]
                         net (fo=1, unplaced)         0.000    14.470    main/checked/read_ptr_reg[3]__0_i_106_n_0
                         CARRY4 (Prop_carry4_CI_CO[3])
                                                      0.114    14.584 r  main/checked/read_ptr_reg[3]__0_i_40/CO[3]
                         net (fo=20, unplaced)        0.978    15.562    main/checked/curval245_in
                         LUT2 (Prop_lut2_I1_O)        0.124    15.686 r  main/checked/read_ptr_reg[2]__0_i_27/O
                         net (fo=51, unplaced)        0.502    16.188    main/checked/curval147_out
                         LUT6 (Prop_lut6_I2_O)        0.124    16.312 r  main/checked/read_ptr_reg[2]__0_i_198/O
                         net (fo=1, unplaced)         0.639    16.951    main/checked/read_ptr_reg[2]__0_i_198_n_0
                         CARRY4 (Prop_carry4_DI[1]_CO[3])
                                                      0.507    17.458 r  main/checked/read_ptr_reg[2]__0_i_133/CO[3]
                         net (fo=1, unplaced)         0.009    17.467    main/checked/read_ptr_reg[2]__0_i_133_n_0
                         CARRY4 (Prop_carry4_CI_CO[3])
                                                      0.114    17.581 r  main/checked/read_ptr_reg[2]__0_i_73/CO[3]
                         net (fo=1, unplaced)         0.000    17.581    main/checked/read_ptr_reg[2]__0_i_73_n_0
                         CARRY4 (Prop_carry4_CI_CO[3])
                                                      0.114    17.695 r  main/checked/read_ptr_reg[2]__0_i_29/CO[3]
                         net (fo=1, unplaced)         0.000    17.695    main/checked/read_ptr_reg[2]__0_i_29_n_0
                         CARRY4 (Prop_carry4_CI_CO[3])
                                                      0.114    17.809 r  main/checked/read_ptr_reg[2]__0_i_15/CO[3]
                         net (fo=52, unplaced)        1.001    18.810    main/checked/curval248_in
                         LUT6 (Prop_lut6_I2_O)        0.124    18.934 r  main/checked/read_ptr_reg[2]__0_i_264/O
                         net (fo=5, unplaced)         0.477    19.411    main/checked/read_ptr_reg[2]__0_i_264_n_0
                         LUT4 (Prop_lut4_I2_O)        0.124    19.535 r  main/checked/read_ptr_reg[2]__0_i_222/O
                         net (fo=1, unplaced)         0.000    19.535    main/checked/read_ptr_reg[2]__0_i_222_n_0
                         CARRY4 (Prop_carry4_S[1]_CO[3])
                                                      0.550    20.085 r  main/checked/read_ptr_reg[2]__0_i_154/CO[3]
                         net (fo=1, unplaced)         0.009    20.094    main/checked/read_ptr_reg[2]__0_i_154_n_0
                         CARRY4 (Prop_carry4_CI_CO[3])
                                                      0.114    20.208 r  main/checked/read_ptr_reg[2]__0_i_90/CO[3]
                         net (fo=1, unplaced)         0.000    20.208    main/checked/read_ptr_reg[2]__0_i_90_n_0
                         CARRY4 (Prop_carry4_CI_CO[3])
                                                      0.114    20.322 r  main/checked/read_ptr_reg[2]__0_i_38/CO[3]
                         net (fo=1, unplaced)         0.000    20.322    main/checked/read_ptr_reg[2]__0_i_38_n_0
                         CARRY4 (Prop_carry4_CI_CO[3])
                                                      0.114    20.436 r  main/checked/read_ptr_reg[2]__0_i_16/CO[3]
                         net (fo=53, unplaced)        1.002    21.438    main/checked/curval251_in
                         LUT2 (Prop_lut2_I1_O)        0.124    21.562 r  main/checked/read_ptr_reg[2]__0_i_5/O
                         net (fo=51, unplaced)        0.532    22.094    main/checked/curval153_out
                         LUT6 (Prop_lut6_I1_O)        0.124    22.218 f  main/checked/read_ptr_reg[2]__0_i_245/O
                         net (fo=4, unplaced)         0.473    22.691    main/checked/read_ptr_reg[2]__0_i_245_n_0
                         LUT6 (Prop_lut6_I4_O)        0.124    22.815 r  main/checked/read_ptr_reg[2]__0_i_234/O
                         net (fo=1, unplaced)         0.639    23.454    main/checked/read_ptr_reg[2]__0_i_234_n_0
                         CARRY4 (Prop_carry4_DI[1]_CO[3])
                                                      0.507    23.961 r  main/checked/read_ptr_reg[2]__0_i_171/CO[3]
                         net (fo=1, unplaced)         0.009    23.970    main/checked/read_ptr_reg[2]__0_i_171_n_0
                         CARRY4 (Prop_carry4_CI_CO[3])
                                                      0.114    24.084 r  main/checked/read_ptr_reg[2]__0_i_107/CO[3]
                         net (fo=1, unplaced)         0.000    24.084    main/checked/read_ptr_reg[2]__0_i_107_n_0
                         CARRY4 (Prop_carry4_CI_CO[3])
                                                      0.114    24.198 r  main/checked/read_ptr_reg[2]__0_i_47/CO[3]
                         net (fo=1, unplaced)         0.000    24.198    main/checked/read_ptr_reg[2]__0_i_47_n_0
                         CARRY4 (Prop_carry4_CI_CO[3])
                                                      0.114    24.312 r  main/checked/read_ptr_reg[2]__0_i_17/CO[3]
                         net (fo=5, unplaced)         0.946    25.258    main/checked/curval254_in
                         LUT2 (Prop_lut2_I1_O)        0.124    25.382 r  main/checked/read_ptr_reg[2]__0_i_6/O
                         net (fo=52, unplaced)        0.532    25.914    main/checked/curval156_out
                         LUT6 (Prop_lut6_I1_O)        0.124    26.038 r  main/checked/read_ptr_reg[2]__0_i_244/O
                         net (fo=2, unplaced)         0.460    26.498    main/checked/read_ptr_reg[2]__0_i_244_n_0
                         LUT6 (Prop_lut6_I0_O)        0.124    26.622 r  main/checked/read_ptr_reg[2]__0_i_182/O
                         net (fo=1, unplaced)         0.639    27.261    main/checked/read_ptr_reg[2]__0_i_182_n_0
                         CARRY4 (Prop_carry4_DI[1]_CO[3])
                                                      0.507    27.768 r  main/checked/read_ptr_reg[2]__0_i_116/CO[3]
                         net (fo=1, unplaced)         0.009    27.777    main/checked/read_ptr_reg[2]__0_i_116_n_0
                         CARRY4 (Prop_carry4_CI_CO[3])
                                                      0.114    27.891 r  main/checked/read_ptr_reg[2]__0_i_56/CO[3]
                         net (fo=1, unplaced)         0.000    27.891    main/checked/read_ptr_reg[2]__0_i_56_n_0
                         CARRY4 (Prop_carry4_CI_CO[3])
                                                      0.114    28.005 r  main/checked/read_ptr_reg[2]__0_i_18/CO[3]
                         net (fo=1, unplaced)         0.000    28.005    main/checked/read_ptr_reg[2]__0_i_18_n_0
                         CARRY4 (Prop_carry4_CI_CO[3])
                                                      0.114    28.119 f  main/checked/read_ptr_reg[2]__0_i_7/CO[3]
                         net (fo=9, unplaced)         0.959    29.078    main/checked/read_ptr2
                         LUT5 (Prop_lut5_I2_O)        0.124    29.202 f  main/checked/max_tag_out[31]_i_40/O
                         net (fo=3, unplaced)         0.467    29.669    main/checked/max_tag_out[31]_i_40_n_0
                         LUT6 (Prop_lut6_I1_O)        0.124    29.793 r  main/checked/max_tag_out[31]_i_13/O
                         net (fo=33, unplaced)        0.521    30.314    main/checked/max_tag_out[31]_i_13_n_0
                         LUT6 (Prop_lut6_I0_O)        0.124    30.438 r  main/checked/max_tag_out[31]_i_6/O
                         net (fo=32, unplaced)        0.490    30.928    main/checked/max_tag_out[31]_i_6_n_0
                         LUT5 (Prop_lut5_I0_O)        0.124    31.052 r  main/checked/max_tag_out[0]_i_2/O
                         net (fo=1, unplaced)         0.449    31.501    main/checked/max_tag_out[0]_i_2_n_0
                         LUT4 (Prop_lut4_I0_O)        0.124    31.625 r  main/checked/max_tag_out[0]_i_1/O
                         net (fo=1, unplaced)         0.000    31.625    main/checked/max_tag_out[0]_i_1_n_0
                         FDRE                                         r  main/checked/max_tag_out_reg[0]/D
  -------------------------------------------------------------------    -------------------

                         (clock gclk rise edge)      10.000    10.000 r  
    N15                                               0.000    10.000 r  clk_100mhz (IN)
                         net (fo=0)                   0.000    10.000    clk_100mhz
    N15                  IBUF (Prop_ibuf_I_O)         1.370    11.370 r  clk_100mhz_IBUF_inst/O
                         net (fo=1, unplaced)         0.760    12.130    clk_100mhz_IBUF
                         BUFG (Prop_bufg_I_O)         0.091    12.221 r  clk_100mhz_IBUF_BUFG_inst/O
                         net (fo=1753, unplaced)      0.439    12.660    main/checked/clk_100mhz_IBUF_BUFG
                         FDRE                                         r  main/checked/max_tag_out_reg[0]/C
                         clock pessimism              0.115    12.775    
                         clock uncertainty           -0.035    12.740    
                         FDRE (Setup_fdre_C_D)        0.029    12.769    main/checked/max_tag_out_reg[0]
  -------------------------------------------------------------------
                         required time                         12.769    
                         arrival time                         -31.625    
  -------------------------------------------------------------------
                         slack                                -18.856    





Min Delay Paths
--------------------------------------------------------------------------------------
Slack (MET) :             0.074ns  (arrival time - required time)
  Source:                 man/urx/baud_counter_reg[9]/C
                            (rising edge-triggered cell FDRE clocked by gclk  {rise@0.000ns fall@4.000ns period=10.000ns})
  Destination:            man/urx/baud_counter_reg[10]/D
                            (rising edge-triggered cell FDRE clocked by gclk  {rise@0.000ns fall@4.000ns period=10.000ns})
  Path Group:             gclk
  Path Type:              Hold (Min at Fast Process Corner)
  Requirement:            0.000ns  (gclk rise@0.000ns - gclk rise@0.000ns)
  Data Path Delay:        0.324ns  (logic 0.235ns (72.639%)  route 0.089ns (27.361%))
  Logic Levels:           1  (CARRY4=1)
  Clock Path Skew:        0.145ns (DCD - SCD - CPR)
    Destination Clock Delay (DCD):    1.039ns
    Source Clock Delay      (SCD):    0.686ns
    Clock Pessimism Removal (CPR):    0.208ns

    Location             Delay type                Incr(ns)  Path(ns)    Netlist Resource(s)
  -------------------------------------------------------------------    -------------------
                         (clock gclk rise edge)       0.000     0.000 r  
    N15                                               0.000     0.000 r  clk_100mhz (IN)
                         net (fo=0)                   0.000     0.000    clk_100mhz
    N15                  IBUF (Prop_ibuf_I_O)         0.209     0.209 r  clk_100mhz_IBUF_inst/O
                         net (fo=1, unplaced)         0.337     0.546    clk_100mhz_IBUF
                         BUFG (Prop_bufg_I_O)         0.026     0.572 r  clk_100mhz_IBUF_BUFG_inst/O
                         net (fo=1753, unplaced)      0.114     0.686    man/urx/clk_100mhz_IBUF_BUFG
                         FDRE                                         r  man/urx/baud_counter_reg[9]/C
  -------------------------------------------------------------------    -------------------
                         FDRE (Prop_fdre_C_Q)         0.141     0.827 r  man/urx/baud_counter_reg[9]/Q
                         net (fo=3, unplaced)         0.089     0.915    man/urx/baud_counter[9]
                         CARRY4 (Prop_carry4_DI[0]_O[1])
                                                      0.094     1.009 r  man/urx/baud_counter0_carry__1/O[1]
                         net (fo=1, unplaced)         0.000     1.009    man/urx/baud_counter0[10]
                         FDRE                                         r  man/urx/baud_counter_reg[10]/D
  -------------------------------------------------------------------    -------------------

                         (clock gclk rise edge)       0.000     0.000 r  
    N15                                               0.000     0.000 r  clk_100mhz (IN)
                         net (fo=0)                   0.000     0.000    clk_100mhz
    N15                  IBUF (Prop_ibuf_I_O)         0.396     0.396 r  clk_100mhz_IBUF_inst/O
                         net (fo=1, unplaced)         0.355     0.751    clk_100mhz_IBUF
                         BUFG (Prop_bufg_I_O)         0.029     0.780 r  clk_100mhz_IBUF_BUFG_inst/O
                         net (fo=1753, unplaced)      0.259     1.039    man/urx/clk_100mhz_IBUF_BUFG
                         FDRE                                         r  man/urx/baud_counter_reg[10]/C
                         clock pessimism             -0.208     0.831    
                         FDRE (Hold_fdre_C_D)         0.105     0.936    man/urx/baud_counter_reg[10]
  -------------------------------------------------------------------
                         required time                         -0.936    
                         arrival time                           1.009    
  -------------------------------------------------------------------
                         slack                                  0.074    





Pulse Width Checks
--------------------------------------------------------------------------------------
Clock Name:         gclk
Waveform(ns):       { 0.000 4.000 }
Period(ns):         10.000
Sources:            { clk_100mhz }

Check Type        Corner  Lib Pin             Reference Pin  Required(ns)  Actual(ns)  Slack(ns)  Location  Pin
Min Period        n/a     RAMB36E1/CLKARDCLK  n/a            2.576         10.000      7.424                main/gmem/ptr_mem/BRAM_reg/CLKARDCLK
Low Pulse Width   Slow    RAMD32/CLK          n/a            1.250         6.000       4.750                main/distance_calc/intermediate_mults_out_reg_r1_0_3_0_5/RAMA/CLK
High Pulse Width  Slow    RAMD32/CLK          n/a            1.250         4.000       2.750                main/distance_calc/intermediate_mults_out_reg_r1_0_3_0_5/RAMA/CLK



