Copyright 1986-2022 Xilinx, Inc. All Rights Reserved. Copyright 2022-2023 Advanced Micro Devices, Inc. All Rights Reserved.
---------------------------------------------------------------------------------------------------------------------------------------------
| Tool Version : Vivado v.2023.1 (lin64) Build 3865809 Sun May  7 15:04:56 MDT 2023
| Date         : Thu Dec  7 00:11:59 2023
| Host         : seshanpc running 64-bit Debian GNU/Linux 12 (bookworm)
| Command      : report_timing -file obj/post_synth_timing.rpt
| Design       : top_level
| Device       : 7s50-csga324
| Speed File   : -1  PRODUCTION 1.23 2018-06-13
| Design State : Synthesized
---------------------------------------------------------------------------------------------------------------------------------------------

Timing Report

Slack (VIOLATED) :        -19.497ns  (required time - arrival time)
  Source:                 main/checked_min_deq_reg_rep/C
                            (rising edge-triggered cell FDRE clocked by gclk  {rise@0.000ns fall@4.000ns period=10.000ns})
  Destination:            main/checked/max_tag_out_reg[0]/D
                            (rising edge-triggered cell FDRE clocked by gclk  {rise@0.000ns fall@4.000ns period=10.000ns})
  Path Group:             gclk
  Path Type:              Setup (Max at Slow Process Corner)
  Requirement:            10.000ns  (gclk rise@10.000ns - gclk rise@0.000ns)
  Data Path Delay:        29.346ns  (logic 10.400ns (35.439%)  route 18.946ns (64.561%))
  Logic Levels:           55  (CARRY4=32 LUT2=6 LUT3=1 LUT4=3 LUT5=2 LUT6=11)
  Clock Path Skew:        -0.145ns (DCD - SCD + CPR)
    Destination Clock Delay (DCD):    2.660ns = ( 12.660 - 10.000 ) 
    Source Clock Delay      (SCD):    2.920ns
    Clock Pessimism Removal (CPR):    0.115ns
  Clock Uncertainty:      0.035ns  ((TSJ^2 + TIJ^2)^1/2 + DJ) / 2 + PE
    Total System Jitter     (TSJ):    0.071ns
    Total Input Jitter      (TIJ):    0.000ns
    Discrete Jitter          (DJ):    0.000ns
    Phase Error              (PE):    0.000ns

    Location             Delay type                Incr(ns)  Path(ns)    Netlist Resource(s)
  -------------------------------------------------------------------    -------------------
                         (clock gclk rise edge)       0.000     0.000 r  
    N15                                               0.000     0.000 r  clk_100mhz (IN)
                         net (fo=0)                   0.000     0.000    clk_100mhz
    N15                  IBUF (Prop_ibuf_I_O)         1.440     1.440 r  clk_100mhz_IBUF_inst/O
                         net (fo=1, unplaced)         0.800     2.240    clk_100mhz_IBUF
                         BUFG (Prop_bufg_I_O)         0.096     2.336 r  clk_100mhz_IBUF_BUFG_inst/O
                         net (fo=1854, unplaced)      0.584     2.920    main/clk_100mhz_IBUF_BUFG
                         FDRE                                         r  main/checked_min_deq_reg_rep/C
  -------------------------------------------------------------------    -------------------
                         FDRE (Prop_fdre_C_Q)         0.456     3.376 r  main/checked_min_deq_reg_rep/Q
                         net (fo=186, unplaced)       0.856     4.232    main/checked/push_lru_reg_0
                         LUT3 (Prop_lut3_I0_O)        0.295     4.527 r  main/checked/read_ptr_reg[2]_i_736/O
                         net (fo=1, unplaced)         0.000     4.527    main/checked/read_ptr_reg[2]_i_736_n_0
                         CARRY4 (Prop_carry4_S[1]_CO[3])
                                                      0.550     5.077 r  main/checked/read_ptr_reg[2]_i_641/CO[3]
                         net (fo=1, unplaced)         0.009     5.086    main/checked/read_ptr_reg[2]_i_641_n_0
                         CARRY4 (Prop_carry4_CI_CO[3])
                                                      0.114     5.200 r  main/checked/read_ptr_reg[2]_i_475/CO[3]
                         net (fo=1, unplaced)         0.000     5.200    main/checked/read_ptr_reg[2]_i_475_n_0
                         CARRY4 (Prop_carry4_CI_CO[3])
                                                      0.114     5.314 r  main/checked/read_ptr_reg[2]_i_296/CO[3]
                         net (fo=1, unplaced)         0.000     5.314    main/checked/read_ptr_reg[2]_i_296_n_0
                         CARRY4 (Prop_carry4_CI_CO[3])
                                                      0.114     5.428 r  main/checked/read_ptr_reg[2]_i_136/CO[3]
                         net (fo=50, unplaced)        1.000     6.428    main/checked/curval2
                         LUT2 (Prop_lut2_I1_O)        0.124     6.552 r  main/checked/read_ptr_reg[2]_i_36/O
                         net (fo=35, unplaced)        0.522     7.074    main/checked/p_1_in
                         LUT6 (Prop_lut6_I4_O)        0.124     7.198 r  main/checked/read_ptr_reg[2]_i_724/O
                         net (fo=1, unplaced)         0.639     7.837    main/checked/read_ptr_reg[2]_i_724_n_0
                         CARRY4 (Prop_carry4_DI[1]_CO[3])
                                                      0.507     8.344 r  main/checked/read_ptr_reg[2]_i_632/CO[3]
                         net (fo=1, unplaced)         0.009     8.353    main/checked/read_ptr_reg[2]_i_632_n_0
                         CARRY4 (Prop_carry4_CI_CO[3])
                                                      0.114     8.467 r  main/checked/read_ptr_reg[2]_i_466/CO[3]
                         net (fo=1, unplaced)         0.000     8.467    main/checked/read_ptr_reg[2]_i_466_n_0
                         CARRY4 (Prop_carry4_CI_CO[3])
                                                      0.114     8.581 r  main/checked/read_ptr_reg[2]_i_287/CO[3]
                         net (fo=1, unplaced)         0.000     8.581    main/checked/read_ptr_reg[2]_i_287_n_0
                         CARRY4 (Prop_carry4_CI_CO[3])
                                                      0.114     8.695 r  main/checked/read_ptr_reg[2]_i_135/CO[3]
                         net (fo=67, unplaced)        1.008     9.703    main/checked/curval240_in
                         LUT2 (Prop_lut2_I1_O)        0.124     9.827 r  main/checked/read_ptr_reg[2]_i_34/O
                         net (fo=35, unplaced)        0.522    10.349    main/checked/curval1
                         LUT6 (Prop_lut6_I5_O)        0.124    10.473 r  main/checked/read_ptr_reg[2]_i_718/O
                         net (fo=4, unplaced)         0.473    10.946    main/checked/read_ptr_reg[2]_i_718_n_0
                         LUT4 (Prop_lut4_I2_O)        0.124    11.070 r  main/checked/read_ptr_reg[1]_i_196/O
                         net (fo=1, unplaced)         0.000    11.070    main/checked/read_ptr_reg[1]_i_196_n_0
                         CARRY4 (Prop_carry4_S[1]_CO[3])
                                                      0.550    11.620 r  main/checked/read_ptr_reg[1]_i_141/CO[3]
                         net (fo=1, unplaced)         0.009    11.629    main/checked/read_ptr_reg[1]_i_141_n_0
                         CARRY4 (Prop_carry4_CI_CO[3])
                                                      0.114    11.743 r  main/checked/read_ptr_reg[1]_i_89/CO[3]
                         net (fo=1, unplaced)         0.000    11.743    main/checked/read_ptr_reg[1]_i_89_n_0
                         CARRY4 (Prop_carry4_CI_CO[3])
                                                      0.114    11.857 r  main/checked/read_ptr_reg[1]_i_41/CO[3]
                         net (fo=1, unplaced)         0.000    11.857    main/checked/read_ptr_reg[1]_i_41_n_0
                         CARRY4 (Prop_carry4_CI_CO[3])
                                                      0.114    11.971 r  main/checked/read_ptr_reg[1]_i_13/CO[3]
                         net (fo=51, unplaced)        1.001    12.972    main/checked/curval242_in
                         LUT2 (Prop_lut2_I1_O)        0.124    13.096 r  main/checked/read_ptr_reg[1]_i_6/O
                         net (fo=68, unplaced)        0.509    13.605    main/checked/curval144_out
                         LUT6 (Prop_lut6_I2_O)        0.124    13.729 r  main/checked/read_ptr_reg[2]_i_618/O
                         net (fo=1, unplaced)         0.639    14.368    main/checked/read_ptr_reg[2]_i_618_n_0
                         CARRY4 (Prop_carry4_DI[1]_CO[3])
                                                      0.507    14.875 r  main/checked/read_ptr_reg[2]_i_449/CO[3]
                         net (fo=1, unplaced)         0.009    14.884    main/checked/read_ptr_reg[2]_i_449_n_0
                         CARRY4 (Prop_carry4_CI_CO[3])
                                                      0.114    14.998 r  main/checked/read_ptr_reg[2]_i_270/CO[3]
                         net (fo=1, unplaced)         0.000    14.998    main/checked/read_ptr_reg[2]_i_270_n_0
                         CARRY4 (Prop_carry4_CI_CO[3])
                                                      0.114    15.112 r  main/checked/read_ptr_reg[2]_i_126/CO[3]
                         net (fo=1, unplaced)         0.000    15.112    main/checked/read_ptr_reg[2]_i_126_n_0
                         CARRY4 (Prop_carry4_CI_CO[3])
                                                      0.114    15.226 r  main/checked/read_ptr_reg[2]_i_33/CO[3]
                         net (fo=20, unplaced)        0.978    16.204    main/checked/curval245_in
                         LUT2 (Prop_lut2_I1_O)        0.124    16.328 r  main/checked/read_ptr_reg[0]_i_8/O
                         net (fo=50, unplaced)        0.501    16.829    main/checked/curval147_out
                         LUT6 (Prop_lut6_I2_O)        0.124    16.953 r  main/checked/read_ptr_reg[2]_i_518/O
                         net (fo=1, unplaced)         0.639    17.592    main/checked/read_ptr_reg[2]_i_518_n_0
                         CARRY4 (Prop_carry4_DI[1]_CO[3])
                                                      0.507    18.099 r  main/checked/read_ptr_reg[2]_i_334/CO[3]
                         net (fo=1, unplaced)         0.009    18.108    main/checked/read_ptr_reg[2]_i_334_n_0
                         CARRY4 (Prop_carry4_CI_CO[3])
                                                      0.114    18.222 r  main/checked/read_ptr_reg[2]_i_162/CO[3]
                         net (fo=1, unplaced)         0.000    18.222    main/checked/read_ptr_reg[2]_i_162_n_0
                         CARRY4 (Prop_carry4_CI_CO[3])
                                                      0.114    18.336 r  main/checked/read_ptr_reg[2]_i_46/CO[3]
                         net (fo=1, unplaced)         0.000    18.336    main/checked/read_ptr_reg[2]_i_46_n_0
                         CARRY4 (Prop_carry4_CI_CO[3])
                                                      0.114    18.450 r  main/checked/read_ptr_reg[2]_i_17/CO[3]
                         net (fo=52, unplaced)        1.001    19.451    main/checked/curval248_in
                         LUT6 (Prop_lut6_I2_O)        0.124    19.575 r  main/checked/read_ptr_reg[2]_i_694/O
                         net (fo=5, unplaced)         0.477    20.052    main/checked/read_ptr_reg[2]_i_694_n_0
                         LUT4 (Prop_lut4_I2_O)        0.124    20.176 r  main/checked/read_ptr_reg[2]_i_542/O
                         net (fo=1, unplaced)         0.000    20.176    main/checked/read_ptr_reg[2]_i_542_n_0
                         CARRY4 (Prop_carry4_S[1]_CO[3])
                                                      0.550    20.726 r  main/checked/read_ptr_reg[2]_i_355/CO[3]
                         net (fo=1, unplaced)         0.009    20.735    main/checked/read_ptr_reg[2]_i_355_n_0
                         CARRY4 (Prop_carry4_CI_CO[3])
                                                      0.114    20.849 r  main/checked/read_ptr_reg[2]_i_179/CO[3]
                         net (fo=1, unplaced)         0.000    20.849    main/checked/read_ptr_reg[2]_i_179_n_0
                         CARRY4 (Prop_carry4_CI_CO[3])
                                                      0.114    20.963 r  main/checked/read_ptr_reg[2]_i_55/CO[3]
                         net (fo=1, unplaced)         0.000    20.963    main/checked/read_ptr_reg[2]_i_55_n_0
                         CARRY4 (Prop_carry4_CI_CO[3])
                                                      0.114    21.077 r  main/checked/read_ptr_reg[2]_i_18/CO[3]
                         net (fo=53, unplaced)        1.002    22.079    main/checked/curval251_in
                         LUT2 (Prop_lut2_I1_O)        0.124    22.203 r  main/checked/read_ptr_reg[2]_i_5/O
                         net (fo=51, unplaced)        0.532    22.735    main/checked/curval153_out
                         LUT6 (Prop_lut6_I1_O)        0.124    22.859 f  main/checked/read_ptr_reg[2]_i_565/O
                         net (fo=4, unplaced)         0.473    23.332    main/checked/read_ptr_reg[2]_i_565_n_0
                         LUT6 (Prop_lut6_I4_O)        0.124    23.456 r  main/checked/read_ptr_reg[2]_i_554/O
                         net (fo=1, unplaced)         0.639    24.095    main/checked/read_ptr_reg[2]_i_554_n_0
                         CARRY4 (Prop_carry4_DI[1]_CO[3])
                                                      0.507    24.602 r  main/checked/read_ptr_reg[2]_i_372/CO[3]
                         net (fo=1, unplaced)         0.009    24.611    main/checked/read_ptr_reg[2]_i_372_n_0
                         CARRY4 (Prop_carry4_CI_CO[3])
                                                      0.114    24.725 r  main/checked/read_ptr_reg[2]_i_196/CO[3]
                         net (fo=1, unplaced)         0.000    24.725    main/checked/read_ptr_reg[2]_i_196_n_0
                         CARRY4 (Prop_carry4_CI_CO[3])
                                                      0.114    24.839 r  main/checked/read_ptr_reg[2]_i_64/CO[3]
                         net (fo=1, unplaced)         0.000    24.839    main/checked/read_ptr_reg[2]_i_64_n_0
                         CARRY4 (Prop_carry4_CI_CO[3])
                                                      0.114    24.953 r  main/checked/read_ptr_reg[2]_i_19/CO[3]
                         net (fo=5, unplaced)         0.946    25.899    main/checked/curval254_in
                         LUT2 (Prop_lut2_I1_O)        0.124    26.023 r  main/checked/read_ptr_reg[2]_i_6/O
                         net (fo=52, unplaced)        0.532    26.555    main/checked/curval156_out
                         LUT6 (Prop_lut6_I1_O)        0.124    26.679 r  main/checked/read_ptr_reg[2]_i_564/O
                         net (fo=2, unplaced)         0.460    27.139    main/checked/read_ptr_reg[2]_i_564_n_0
                         LUT6 (Prop_lut6_I0_O)        0.124    27.263 r  main/checked/read_ptr_reg[2]_i_383/O
                         net (fo=1, unplaced)         0.639    27.902    main/checked/read_ptr_reg[2]_i_383_n_0
                         CARRY4 (Prop_carry4_DI[1]_CO[3])
                                                      0.507    28.409 r  main/checked/read_ptr_reg[2]_i_205/CO[3]
                         net (fo=1, unplaced)         0.009    28.418    main/checked/read_ptr_reg[2]_i_205_n_0
                         CARRY4 (Prop_carry4_CI_CO[3])
                                                      0.114    28.532 r  main/checked/read_ptr_reg[2]_i_73/CO[3]
                         net (fo=1, unplaced)         0.000    28.532    main/checked/read_ptr_reg[2]_i_73_n_0
                         CARRY4 (Prop_carry4_CI_CO[3])
                                                      0.114    28.646 r  main/checked/read_ptr_reg[2]_i_20/CO[3]
                         net (fo=1, unplaced)         0.000    28.646    main/checked/read_ptr_reg[2]_i_20_n_0
                         CARRY4 (Prop_carry4_CI_CO[3])
                                                      0.114    28.760 f  main/checked/read_ptr_reg[2]_i_7/CO[3]
                         net (fo=9, unplaced)         0.959    29.719    main/checked/read_ptr2
                         LUT5 (Prop_lut5_I2_O)        0.124    29.843 f  main/checked/max_tag_out[31]_i_40/O
                         net (fo=3, unplaced)         0.467    30.310    main/checked/max_tag_out[31]_i_40_n_0
                         LUT6 (Prop_lut6_I1_O)        0.124    30.434 r  main/checked/max_tag_out[31]_i_13/O
                         net (fo=33, unplaced)        0.521    30.955    main/checked/max_tag_out[31]_i_13_n_0
                         LUT6 (Prop_lut6_I0_O)        0.124    31.079 r  main/checked/max_tag_out[31]_i_6/O
                         net (fo=32, unplaced)        0.490    31.569    main/checked/max_tag_out[31]_i_6_n_0
                         LUT5 (Prop_lut5_I0_O)        0.124    31.693 r  main/checked/max_tag_out[0]_i_2/O
                         net (fo=1, unplaced)         0.449    32.142    main/checked/max_tag_out[0]_i_2_n_0
                         LUT4 (Prop_lut4_I0_O)        0.124    32.266 r  main/checked/max_tag_out[0]_i_1/O
                         net (fo=1, unplaced)         0.000    32.266    main/checked/max_tag_out[0]_i_1_n_0
                         FDRE                                         r  main/checked/max_tag_out_reg[0]/D
  -------------------------------------------------------------------    -------------------

                         (clock gclk rise edge)      10.000    10.000 r  
    N15                                               0.000    10.000 r  clk_100mhz (IN)
                         net (fo=0)                   0.000    10.000    clk_100mhz
    N15                  IBUF (Prop_ibuf_I_O)         1.370    11.370 r  clk_100mhz_IBUF_inst/O
                         net (fo=1, unplaced)         0.760    12.130    clk_100mhz_IBUF
                         BUFG (Prop_bufg_I_O)         0.091    12.221 r  clk_100mhz_IBUF_BUFG_inst/O
                         net (fo=1854, unplaced)      0.439    12.660    main/checked/clk_100mhz_IBUF_BUFG
                         FDRE                                         r  main/checked/max_tag_out_reg[0]/C
                         clock pessimism              0.115    12.775    
                         clock uncertainty           -0.035    12.740    
                         FDRE (Setup_fdre_C_D)        0.029    12.769    main/checked/max_tag_out_reg[0]
  -------------------------------------------------------------------
                         required time                         12.769    
                         arrival time                         -32.266    
  -------------------------------------------------------------------
                         slack                                -19.497    




