#! /opt/homebrew/Cellar/icarus-verilog/12.0/bin/vvp
:ivl_version "12.0 (stable)";
:ivl_delay_selection "TYPICAL";
:vpi_time_precision - 12;
:vpi_module "/opt/homebrew/Cellar/icarus-verilog/12.0/lib/ivl/system.vpi";
:vpi_module "/opt/homebrew/Cellar/icarus-verilog/12.0/lib/ivl/vhdl_sys.vpi";
:vpi_module "/opt/homebrew/Cellar/icarus-verilog/12.0/lib/ivl/vhdl_textio.vpi";
:vpi_module "/opt/homebrew/Cellar/icarus-verilog/12.0/lib/ivl/v2005_math.vpi";
:vpi_module "/opt/homebrew/Cellar/icarus-verilog/12.0/lib/ivl/va_math.vpi";
:vpi_module "/opt/homebrew/Cellar/icarus-verilog/12.0/lib/ivl/v2009.vpi";
S_0x15a609320 .scope package, "$unit" "$unit" 2 1;
 .timescale 0 0;
S_0x15a609490 .scope module, "distance_tb" "distance_tb" 3 4;
 .timescale -9 -12;
v0x15a61afc0_0 .array/port v0x15a61afc0, 0;
L_0x15a61b6b0 .functor BUFZ 1, v0x15a61afc0_0, C4<0>, C4<0>, C4<0>;
v0x15a61afc0_1 .array/port v0x15a61afc0, 1;
L_0x15a61b760 .functor BUFZ 1, v0x15a61afc0_1, C4<0>, C4<0>, C4<0>;
v0x15a61b3a0_0 .array/port v0x15a61b3a0, 0;
L_0x15a61b810 .functor BUFZ 32, v0x15a61b3a0_0, C4<00000000000000000000000000000000>, C4<00000000000000000000000000000000>, C4<00000000000000000000000000000000>;
v0x15a61b3a0_1 .array/port v0x15a61b3a0, 1;
L_0x15a61b8e0 .functor BUFZ 32, v0x15a61b3a0_1, C4<00000000000000000000000000000000>, C4<00000000000000000000000000000000>, C4<00000000000000000000000000000000>;
v0x15a61b1e0_0 .array/port v0x15a61b1e0, 0;
L_0x15a61b990 .functor BUFZ 32, v0x15a61b1e0_0, C4<00000000000000000000000000000000>, C4<00000000000000000000000000000000>, C4<00000000000000000000000000000000>;
v0x15a61b1e0_1 .array/port v0x15a61b1e0, 1;
L_0x15a61ba50 .functor BUFZ 32, v0x15a61b1e0_1, C4<00000000000000000000000000000000>, C4<00000000000000000000000000000000>, C4<00000000000000000000000000000000>;
v0x15a61af20_0 .var "clk_in", 0 0;
v0x15a61afc0 .array "data_valid_in", 0 1, 0 0;
v0x15a61b060_0 .net "data_valid_out", 0 0, v0x15a61a550_0;  1 drivers
v0x15a61b130_0 .net "distance_sq_out", 31 0, v0x15a61a6c0_0;  1 drivers
v0x15a61b1e0 .array "query_pos_in", 0 1, 31 0;
v0x15a61b2d0_0 .var "rst_in", 0 0;
v0x15a61b3a0 .array "vertex_pos_in", 0 1, 31 0;
S_0x15a609600 .scope begin, "$ivl_for_loop0" "$ivl_for_loop0" 3 37, 3 37 0, S_0x15a609490;
 .timescale -9 -12;
v0x15a609770_0 .var/2s "i", 31 0;
S_0x15a6195e0 .scope module, "distance_calculator" "distance" 3 15, 4 4 0, S_0x15a609490;
 .timescale -9 -12;
    .port_info 0 /INPUT 1 "clk_in";
    .port_info 1 /INPUT 1 "rst_in";
    .port_info 2 /INPUT 2 "data_valid_in";
    .port_info 3 /INPUT 64 "vertex_pos_in";
    .port_info 4 /INPUT 64 "query_pos_in";
    .port_info 5 /OUTPUT 32 "distance_sq_out";
    .port_info 6 /OUTPUT 1 "data_valid_out";
P_0x15a6197b0 .param/l "DIM" 0 4 4, +C4<00000000000000000000000000000010>;
v0x15a61a810_0 .array/port v0x15a61a810, 0;
L_0x15a61b570 .functor BUFZ 32, v0x15a61a810_0, C4<00000000000000000000000000000000>, C4<00000000000000000000000000000000>, C4<00000000000000000000000000000000>;
v0x15a61a810_1 .array/port v0x15a61a810, 1;
L_0x15a61b600 .functor BUFZ 32, v0x15a61a810_1, C4<00000000000000000000000000000000>, C4<00000000000000000000000000000000>, C4<00000000000000000000000000000000>;
L_0x150078010 .functor BUFT 1, C4<010>, C4<0>, C4<0>, C4<0>;
v0x15a61a360_0 .net/2u *"_ivl_0", 2 0, L_0x150078010;  1 drivers
v0x15a61a400_0 .net "clk_in", 0 0, v0x15a61af20_0;  1 drivers
v0x15a61a4a0 .array "data_valid_in", 0 1;
v0x15a61a4a0_0 .net v0x15a61a4a0 0, 0 0, L_0x15a61b6b0; 1 drivers
v0x15a61a4a0_1 .net v0x15a61a4a0 1, 0 0, L_0x15a61b760; 1 drivers
v0x15a61a550_0 .var "data_valid_out", 0 0;
v0x15a61a5e0_0 .net "distance", 31 0, v0x15a61a0d0_0;  1 drivers
v0x15a61a6c0_0 .var "distance_sq_out", 31 0;
v0x15a61a760_0 .var "i", 0 0;
v0x15a61a810 .array "intermediate_mults_out", 0 1, 31 0;
v0x15a61a8e0 .array "intermediate_subs_out", 0 1, 31 0;
v0x15a61aa00 .array "query_pos_in", 0 1;
v0x15a61aa00_0 .net v0x15a61aa00 0, 31 0, L_0x15a61b990; 1 drivers
v0x15a61aa00_1 .net v0x15a61aa00 1, 31 0, L_0x15a61ba50; 1 drivers
v0x15a61aad0_0 .net "recursive_add_valid_out", 0 0, v0x15a61a040_0;  1 drivers
v0x15a61ab80_0 .net "rst_in", 0 0, v0x15a61b2d0_0;  1 drivers
v0x15a61ac10_0 .var "state", 2 0;
v0x15a61aca0 .array "valid_mults_out", 0 1, 0 0;
v0x15a61ad30 .array "valid_subs_out", 0 1, 0 0;
v0x15a61adc0 .array "vertex_pos_in", 0 1;
v0x15a61adc0_0 .net v0x15a61adc0 0, 31 0, L_0x15a61b810; 1 drivers
v0x15a61adc0_1 .net v0x15a61adc0 1, 31 0, L_0x15a61b8e0; 1 drivers
L_0x15a61b450 .cmp/eq 3, v0x15a61ac10_0, L_0x150078010;
S_0x15a6199a0 .scope module, "add_distances" "recursive_add_n_dim" 4 77, 4 101 0, S_0x15a6195e0;
 .timescale -9 -12;
    .port_info 0 /INPUT 1 "clk_in";
    .port_info 1 /INPUT 1 "rst_in";
    .port_info 2 /INPUT 1 "data_valid_in";
    .port_info 3 /INPUT 64 "intermediate_mults_in";
    .port_info 4 /OUTPUT 32 "distance_sq_out";
    .port_info 5 /OUTPUT 1 "data_valid_out";
P_0x15a619b60 .param/l "DIM" 0 4 101, +C4<00000000000000000000000000000010>;
v0x15a619ef0_0 .net "clk_in", 0 0, v0x15a61af20_0;  alias, 1 drivers
v0x15a619fa0_0 .net "data_valid_in", 0 0, L_0x15a61b450;  1 drivers
v0x15a61a040_0 .var "data_valid_out", 0 0;
v0x15a61a0d0_0 .var "distance_sq_out", 31 0;
v0x15a61a160 .array "intermediate_mults_in", 0 1;
v0x15a61a160_0 .net v0x15a61a160 0, 31 0, L_0x15a61b570; 1 drivers
v0x15a61a160_1 .net v0x15a61a160 1, 31 0, L_0x15a61b600; 1 drivers
v0x15a61a230_0 .net "rst_in", 0 0, v0x15a61b2d0_0;  alias, 1 drivers
S_0x15a619cc0 .scope generate, "genblk1" "genblk1" 4 120, 4 120 0, S_0x15a6199a0;
 .timescale -9 -12;
E_0x15a619e90 .event posedge, v0x15a619ef0_0;
    .scope S_0x15a619cc0;
T_0 ;
    %wait E_0x15a619e90;
    %load/vec4 v0x15a61a230_0;
    %flag_set/vec4 8;
    %jmp/0xz  T_0.0, 8;
    %pushi/vec4 0, 0, 32;
    %assign/vec4 v0x15a61a0d0_0, 0;
    %pushi/vec4 0, 0, 1;
    %assign/vec4 v0x15a61a040_0, 0;
T_0.0 ;
    %load/vec4 v0x15a619fa0_0;
    %flag_set/vec4 8;
    %jmp/0xz  T_0.2, 8;
    %ix/load 4, 1, 0;
    %flag_set/imm 4, 0;
    %load/vec4a v0x15a61a160, 4;
    %ix/load 4, 0, 0;
    %flag_set/imm 4, 0;
    %load/vec4a v0x15a61a160, 4;
    %add;
    %store/vec4 v0x15a61a0d0_0, 0, 32;
T_0.2 ;
    %jmp T_0;
    .thread T_0;
    .scope S_0x15a6195e0;
T_1 ;
    %wait E_0x15a619e90;
    %load/vec4 v0x15a61ab80_0;
    %flag_set/vec4 8;
    %jmp/0xz  T_1.0, 8;
    %pushi/vec4 0, 0, 32;
    %assign/vec4 v0x15a61a6c0_0, 0;
    %pushi/vec4 0, 0, 1;
    %assign/vec4 v0x15a61a550_0, 0;
    %jmp T_1.1;
T_1.0 ;
    %load/vec4 v0x15a61ac10_0;
    %cmpi/e 0, 0, 3;
    %jmp/0xz  T_1.2, 4;
    %load/vec4 v0x15a61a760_0;
    %pad/u 3;
    %ix/vec4 4;
    %load/vec4a v0x15a61a4a0, 4;
    %flag_set/vec4 8;
    %jmp/0xz  T_1.4, 8;
    %load/vec4 v0x15a61a760_0;
    %pad/u 3;
    %ix/vec4 4;
    %load/vec4a v0x15a61adc0, 4;
    %load/vec4 v0x15a61a760_0;
    %pad/u 3;
    %ix/vec4 4;
    %load/vec4a v0x15a61aa00, 4;
    %cmp/u;
    %flag_mov 8, 5;
    %jmp/0 T_1.6, 8;
    %load/vec4 v0x15a61a760_0;
    %pad/u 3;
    %ix/vec4 4;
    %load/vec4a v0x15a61aa00, 4;
    %load/vec4 v0x15a61a760_0;
    %pad/u 3;
    %ix/vec4 4;
    %load/vec4a v0x15a61adc0, 4;
    %inv;
    %add;
    %addi 1, 0, 32;
    %jmp/1 T_1.7, 8;
T_1.6 ; End of true expr.
    %load/vec4 v0x15a61a760_0;
    %pad/u 3;
    %ix/vec4 4;
    %load/vec4a v0x15a61adc0, 4;
    %load/vec4 v0x15a61a760_0;
    %pad/u 3;
    %ix/vec4 4;
    %load/vec4a v0x15a61aa00, 4;
    %inv;
    %add;
    %addi 1, 0, 32;
    %jmp/0 T_1.7, 8;
 ; End of false expr.
    %blend;
T_1.7;
    %load/vec4 v0x15a61a760_0;
    %pad/u 3;
    %ix/vec4 4;
    %store/vec4a v0x15a61a8e0, 4, 0;
    %pushi/vec4 1, 0, 1;
    %load/vec4 v0x15a61a760_0;
    %pad/u 3;
    %ix/vec4 3;
    %ix/load 4, 0, 0; Constant delay
    %assign/vec4/a/d v0x15a61ad30, 0, 4;
    %load/vec4 v0x15a61a760_0;
    %pad/u 32;
    %cmpi/u 1, 0, 32;
    %flag_inv 5; GE is !LT
    %jmp/0xz  T_1.8, 5;
    %pushi/vec4 0, 0, 1;
    %assign/vec4 v0x15a61a760_0, 0;
    %jmp T_1.9;
T_1.8 ;
    %load/vec4 v0x15a61a760_0;
    %pad/u 2;
    %addi 1, 0, 2;
    %pad/u 1;
    %assign/vec4 v0x15a61a760_0, 0;
T_1.9 ;
    %ix/load 4, 1, 0;
    %flag_set/imm 4, 0;
    %load/vec4a v0x15a61ad30, 4;
    %cmpi/e 1, 0, 1;
    %jmp/0xz  T_1.10, 4;
    %pushi/vec4 1, 0, 3;
    %assign/vec4 v0x15a61ac10_0, 0;
T_1.10 ;
    %pushi/vec4 0, 0, 1;
    %assign/vec4 v0x15a61a550_0, 0;
T_1.4 ;
    %jmp T_1.3;
T_1.2 ;
    %load/vec4 v0x15a61ac10_0;
    %cmpi/e 1, 0, 3;
    %jmp/0xz  T_1.12, 4;
    %load/vec4 v0x15a61a760_0;
    %pad/u 3;
    %ix/vec4 4;
    %load/vec4a v0x15a61a8e0, 4;
    %cmpi/ne 0, 0, 32;
    %jmp/0xz  T_1.14, 4;
    %load/vec4 v0x15a61a760_0;
    %pad/u 3;
    %ix/vec4 4;
    %load/vec4a v0x15a61a8e0, 4;
    %load/vec4 v0x15a61a760_0;
    %pad/u 3;
    %ix/vec4 4;
    %load/vec4a v0x15a61a8e0, 4;
    %mul;
    %load/vec4 v0x15a61a760_0;
    %pad/u 3;
    %ix/vec4 4;
    %store/vec4a v0x15a61a810, 4, 0;
    %pushi/vec4 1, 0, 1;
    %load/vec4 v0x15a61a760_0;
    %pad/u 3;
    %ix/vec4 3;
    %ix/load 4, 0, 0; Constant delay
    %assign/vec4/a/d v0x15a61aca0, 0, 4;
    %load/vec4 v0x15a61a760_0;
    %pad/u 32;
    %cmpi/u 1, 0, 32;
    %flag_inv 5; GE is !LT
    %jmp/0xz  T_1.16, 5;
    %pushi/vec4 0, 0, 1;
    %assign/vec4 v0x15a61a760_0, 0;
    %jmp T_1.17;
T_1.16 ;
    %load/vec4 v0x15a61a760_0;
    %pad/u 2;
    %addi 1, 0, 2;
    %pad/u 1;
    %assign/vec4 v0x15a61a760_0, 0;
T_1.17 ;
    %ix/load 4, 1, 0;
    %flag_set/imm 4, 0;
    %load/vec4a v0x15a61aca0, 4;
    %cmpi/e 1, 0, 1;
    %jmp/0xz  T_1.18, 4;
    %pushi/vec4 2, 0, 3;
    %assign/vec4 v0x15a61ac10_0, 0;
T_1.18 ;
    %pushi/vec4 0, 0, 1;
    %assign/vec4 v0x15a61a550_0, 0;
T_1.14 ;
    %jmp T_1.13;
T_1.12 ;
    %load/vec4 v0x15a61ac10_0;
    %cmpi/e 2, 0, 3;
    %jmp/0xz  T_1.20, 4;
    %load/vec4 v0x15a61aad0_0;
    %flag_set/vec4 8;
    %jmp/0xz  T_1.22, 8;
    %load/vec4 v0x15a61a5e0_0;
    %assign/vec4 v0x15a61a6c0_0, 0;
    %pushi/vec4 1, 0, 1;
    %assign/vec4 v0x15a61a550_0, 0;
    %pushi/vec4 0, 0, 3;
    %assign/vec4 v0x15a61ac10_0, 0;
T_1.22 ;
T_1.20 ;
T_1.13 ;
T_1.3 ;
T_1.1 ;
    %jmp T_1;
    .thread T_1;
    .scope S_0x15a609490;
T_2 ;
    %delay 5000, 0;
    %load/vec4 v0x15a61af20_0;
    %nor/r;
    %store/vec4 v0x15a61af20_0, 0, 1;
    %jmp T_2;
    .thread T_2;
    .scope S_0x15a609490;
T_3 ;
    %vpi_call/w 3 32 "$dumpfile", "distance_tb.vcd" {0 0 0};
    %vpi_call/w 3 33 "$dumpvars", 32'sb00000000000000000000000000000000, S_0x15a609490 {0 0 0};
    %vpi_call/w 3 34 "$display", "Starting Sim" {0 0 0};
    %pushi/vec4 0, 0, 1;
    %store/vec4 v0x15a61af20_0, 0, 1;
    %pushi/vec4 0, 0, 1;
    %store/vec4 v0x15a61b2d0_0, 0, 1;
    %fork t_1, S_0x15a609600;
    %jmp t_0;
    .scope S_0x15a609600;
t_1 ;
    %pushi/vec4 0, 0, 32;
    %store/vec4 v0x15a609770_0, 0, 32;
T_3.0 ;
    %load/vec4 v0x15a609770_0;
    %cmpi/s 2, 0, 32;
    %jmp/0xz T_3.1, 5;
    %pushi/vec4 0, 0, 1;
    %ix/getv/s 4, v0x15a609770_0;
    %store/vec4a v0x15a61afc0, 4, 0;
    %pushi/vec4 0, 0, 32;
    %ix/getv/s 4, v0x15a609770_0;
    %store/vec4a v0x15a61b3a0, 4, 0;
    %pushi/vec4 0, 0, 32;
    %ix/getv/s 4, v0x15a609770_0;
    %store/vec4a v0x15a61b1e0, 4, 0;
    %load/vec4 v0x15a609770_0;
    %addi 1, 0, 32;
    %cast2;
    %store/vec4 v0x15a609770_0, 0, 32;
    %jmp T_3.0;
T_3.1 ;
    %end;
    .scope S_0x15a609490;
t_0 %join;
    %delay 10000, 0;
    %pushi/vec4 1, 0, 1;
    %store/vec4 v0x15a61b2d0_0, 0, 1;
    %delay 10000, 0;
    %pushi/vec4 0, 0, 1;
    %store/vec4 v0x15a61b2d0_0, 0, 1;
    %pushi/vec4 1, 0, 1;
    %ix/load 4, 0, 0;
    %flag_set/imm 4, 0;
    %store/vec4a v0x15a61afc0, 4, 0;
    %pushi/vec4 18, 0, 32;
    %ix/load 4, 0, 0;
    %flag_set/imm 4, 0;
    %store/vec4a v0x15a61b1e0, 4, 0;
    %pushi/vec4 2938, 0, 32;
    %ix/load 4, 0, 0;
    %flag_set/imm 4, 0;
    %store/vec4a v0x15a61b3a0, 4, 0;
    %delay 20000, 0;
    %pushi/vec4 1, 0, 1;
    %ix/load 4, 1, 0;
    %flag_set/imm 4, 0;
    %store/vec4a v0x15a61afc0, 4, 0;
    %pushi/vec4 223, 0, 32;
    %ix/load 4, 1, 0;
    %flag_set/imm 4, 0;
    %store/vec4a v0x15a61b3a0, 4, 0;
    %pushi/vec4 23090, 0, 32;
    %ix/load 4, 1, 0;
    %flag_set/imm 4, 0;
    %store/vec4a v0x15a61b1e0, 4, 0;
    %delay 50000, 0;
    %vpi_call/w 3 60 "$display", "Simulation finished" {0 0 0};
    %vpi_call/w 3 61 "$finish" {0 0 0};
    %end;
    .thread T_3;
# The file index is used to find the file name in the following table.
:file_names 5;
    "N/A";
    "<interactive>";
    "-";
    "sim/distance_tb.sv";
    "hdl/distance_calc.sv";
