#-----------------------------------------------------------
# xsim v2023.1 (64-bit)
# SW Build 3865809 on Sun May  7 15:04:56 MDT 2023
# IP Build 3864474 on Sun May  7 20:36:21 MDT 2023
# SharedData Build 3865790 on Sun May 07 13:33:03 MDT 2023
# Start of session at: Wed Nov  1 23:02:46 2023
# Process ID: 3650641
# Current directory: /home/sanjay/Documents/project_2/project_2.ip_user_files/sim_scripts/multiplier/xsim
# Command line: xsim -log simulate.log -mode tcl -source {xsim.dir/multiplier/xsim_script.tcl}
# Log file: /home/sanjay/Documents/project_2/project_2.ip_user_files/sim_scripts/multiplier/xsim/simulate.log
# Journal file: /home/sanjay/Documents/project_2/project_2.ip_user_files/sim_scripts/multiplier/xsim/xsim.jou
# Running On: seshanpc, OS: Linux, CPU Frequency: 4439.663 MHz, CPU Physical cores: 8, Host memory: 50266 MB
#-----------------------------------------------------------
source xsim.dir/multiplier/xsim_script.tcl
# xsim {multiplier} -autoloadwcfg -tclbatch {cmd.tcl} -key {Behavioral:sim_1:Functional:multiplier}
Time resolution is 1 ps
source cmd.tcl
## set curr_wave [current_wave_config]
## if { [string length $curr_wave] == 0 } {
##   if { [llength [get_objects]] > 0} {
##     add_wave /
##     set_property needs_save false [current_wave_config]
##   } else {
##      send_msg_id Add_Wave-1 WARNING "No top level signals found. Simulator will start without a wave window. If you want to open a wave window go to 'File->New Waveform Configuration' or type 'create_wave_config' in the TCL console."
##   }
## }
## run 1000ns
## quit
INFO: [Common 17-206] Exiting xsim at Wed Nov  1 23:02:48 2023...
