#! /usr/bin/vvp
:ivl_version "11.0 (stable)";
:ivl_delay_selection "TYPICAL";
:vpi_time_precision - 12;
:vpi_module "/usr/lib/x86_64-linux-gnu/ivl/system.vpi";
:vpi_module "/usr/lib/x86_64-linux-gnu/ivl/vhdl_sys.vpi";
:vpi_module "/usr/lib/x86_64-linux-gnu/ivl/vhdl_textio.vpi";
:vpi_module "/usr/lib/x86_64-linux-gnu/ivl/v2005_math.vpi";
:vpi_module "/usr/lib/x86_64-linux-gnu/ivl/va_math.vpi";
:vpi_module "/usr/lib/x86_64-linux-gnu/ivl/v2009.vpi";
S_0x55793aeb9330 .scope package, "$unit" "$unit" 2 1;
 .timescale 0 0;
S_0x55793ae87cf0 .scope module, "distance_tb" "distance_tb" 3 4;
 .timescale -9 -12;
v0x55793aefc100_0 .array/port v0x55793aefc100, 0;
L_0x55793aefcdd0 .functor BUFZ 1, v0x55793aefc100_0, C4<0>, C4<0>, C4<0>;
v0x55793aefc100_1 .array/port v0x55793aefc100, 1;
L_0x55793aefcea0 .functor BUFZ 1, v0x55793aefc100_1, C4<0>, C4<0>, C4<0>;
v0x55793aefc930_0 .array/port v0x55793aefc930, 0;
L_0x55793aefcf70 .functor BUFZ 32, v0x55793aefc930_0, C4<00000000000000000000000000000000>, C4<00000000000000000000000000000000>, C4<00000000000000000000000000000000>;
v0x55793aefc930_1 .array/port v0x55793aefc930, 1;
L_0x55793aefd040 .functor BUFZ 32, v0x55793aefc930_1, C4<00000000000000000000000000000000>, C4<00000000000000000000000000000000>, C4<00000000000000000000000000000000>;
v0x55793aefc5b0_0 .array/port v0x55793aefc5b0, 0;
L_0x55793aefd140 .functor BUFZ 32, v0x55793aefc5b0_0, C4<00000000000000000000000000000000>, C4<00000000000000000000000000000000>, C4<00000000000000000000000000000000>;
v0x55793aefc5b0_1 .array/port v0x55793aefc5b0, 1;
L_0x55793aefd210 .functor BUFZ 32, v0x55793aefc5b0_1, C4<00000000000000000000000000000000>, C4<00000000000000000000000000000000>, C4<00000000000000000000000000000000>;
v0x55793aefc040_0 .var "clk_in", 0 0;
v0x55793aefc100 .array "data_valid_in", 0 1, 0 0;
v0x55793aefc200_0 .var "data_valid_in0", 0 0;
v0x55793aefc2a0_0 .var "data_valid_in1", 0 0;
v0x55793aefc360_0 .net "data_valid_out", 0 0, v0x55793aefaef0_0;  1 drivers
v0x55793aefc4a0_0 .net "distance_sq_out", 31 0, v0x55793aefaf90_0;  1 drivers
v0x55793aefc5b0 .array "query_pos_in", 0 1, 31 0;
v0x55793aefc6d0_0 .var "query_pos_in0", 31 0;
v0x55793aefc7b0_0 .var "query_pos_in1", 31 0;
v0x55793aefc890_0 .var "rst_in", 0 0;
v0x55793aefc930 .array "vertex_pos_in", 0 1, 31 0;
v0x55793aefca50_0 .var "vertex_pos_in0", 31 0;
v0x55793aefcb30_0 .var "vertex_pos_in1", 31 0;
S_0x55793ae87e80 .scope begin, "$ivl_for_loop0" "$ivl_for_loop0" 3 57, 3 57 0, S_0x55793ae87cf0;
 .timescale -9 -12;
v0x55793aeb7640_0 .var/2s "i", 31 0;
S_0x55793aefa550 .scope module, "distance_calculator" "distance" 3 27, 4 4 0, S_0x55793ae87cf0;
 .timescale -9 -12;
    .port_info 0 /INPUT 1 "clk_in";
    .port_info 1 /INPUT 1 "rst_in";
    .port_info 2 /INPUT 2 "data_valid_in";
    .port_info 3 /INPUT 64 "vertex_pos_in";
    .port_info 4 /INPUT 64 "query_pos_in";
    .port_info 5 /OUTPUT 32 "distance_sq_out";
    .port_info 6 /OUTPUT 1 "data_valid_out";
P_0x55793aefa750 .param/l "DIM" 0 4 4, +C4<00000000000000000000000000000010>;
v0x55793aefb870_0 .array/port v0x55793aefb870, 0;
L_0x55793aeb74e0 .functor BUFZ 32, v0x55793aefb870_0, C4<00000000000000000000000000000000>, C4<00000000000000000000000000000000>, C4<00000000000000000000000000000000>;
v0x55793aefb870_1 .array/port v0x55793aefb870, 1;
L_0x55793aefcd00 .functor BUFZ 32, v0x55793aefb870_1, C4<00000000000000000000000000000000>, C4<00000000000000000000000000000000>, C4<00000000000000000000000000000000>;
L_0x7fb5d2e97018 .functor BUFT 1, C4<010>, C4<0>, C4<0>, C4<0>;
v0x55793aefb360_0 .net/2u *"_ivl_0", 2 0, L_0x7fb5d2e97018;  1 drivers
v0x55793aefb460_0 .net "clk_in", 0 0, v0x55793aefc040_0;  1 drivers
v0x55793aefb520 .array "data_valid_in", 0 1;
v0x55793aefb520_0 .net v0x55793aefb520 0, 0 0, L_0x55793aefcdd0; 1 drivers
v0x55793aefb520_1 .net v0x55793aefb520 1, 0 0, L_0x55793aefcea0; 1 drivers
v0x55793aefb5f0_0 .net "data_valid_out", 0 0, v0x55793aefaef0_0;  alias, 1 drivers
v0x55793aefb6c0_0 .net "distance_sq_out", 31 0, v0x55793aefaf90_0;  alias, 1 drivers
v0x55793aefb7b0_0 .var "i", 0 0;
v0x55793aefb870 .array "intermediate_mults_out", 0 1, 31 0;
v0x55793aefb990 .array "intermediate_subs_out", 0 1, 31 0;
v0x55793aefba50 .array "query_pos_in", 0 1;
v0x55793aefba50_0 .net v0x55793aefba50 0, 31 0, L_0x55793aefd140; 1 drivers
v0x55793aefba50_1 .net v0x55793aefba50 1, 31 0, L_0x55793aefd210; 1 drivers
v0x55793aefbb70_0 .net "rst_in", 0 0, v0x55793aefc890_0;  1 drivers
v0x55793aefbc40_0 .var "state", 2 0;
v0x55793aefbd00 .array "valid_mults_out", 0 1, 0 0;
v0x55793aefbda0 .array "valid_subs_out", 0 1, 0 0;
v0x55793aefbe40 .array "vertex_pos_in", 0 1;
v0x55793aefbe40_0 .net v0x55793aefbe40 0, 31 0, L_0x55793aefcf70; 1 drivers
v0x55793aefbe40_1 .net v0x55793aefbe40 1, 31 0, L_0x55793aefd040; 1 drivers
L_0x55793aefcc10 .cmp/eq 3, v0x55793aefbc40_0, L_0x7fb5d2e97018;
S_0x55793aefa7f0 .scope module, "add_distances" "recursive_add_n_dim" 4 86, 4 110 0, S_0x55793aefa550;
 .timescale -9 -12;
    .port_info 0 /INPUT 1 "clk_in";
    .port_info 1 /INPUT 1 "rst_in";
    .port_info 2 /INPUT 1 "data_valid_in";
    .port_info 3 /INPUT 64 "intermediate_mults_in";
    .port_info 4 /OUTPUT 32 "distance_sq_out";
    .port_info 5 /OUTPUT 1 "data_valid_out";
P_0x55793aefa9d0 .param/l "DIM" 0 4 110, +C4<00000000000000000000000000000010>;
v0x55793aefad50_0 .net "clk_in", 0 0, v0x55793aefc040_0;  alias, 1 drivers
v0x55793aefae30_0 .net "data_valid_in", 0 0, L_0x55793aefcc10;  1 drivers
v0x55793aefaef0_0 .var "data_valid_out", 0 0;
v0x55793aefaf90_0 .var "distance_sq_out", 31 0;
v0x55793aefb070 .array "intermediate_mults_in", 0 1;
v0x55793aefb070_0 .net v0x55793aefb070 0, 31 0, L_0x55793aeb74e0; 1 drivers
v0x55793aefb070_1 .net v0x55793aefb070 1, 31 0, L_0x55793aefcd00; 1 drivers
v0x55793aefb1e0_0 .net "rst_in", 0 0, v0x55793aefc890_0;  alias, 1 drivers
S_0x55793aefab10 .scope generate, "genblk3" "genblk3" 4 136, 4 136 0, S_0x55793aefa7f0;
 .timescale -9 -12;
E_0x55793aecd320 .event posedge, v0x55793aefad50_0;
    .scope S_0x55793aefab10;
T_0 ;
    %wait E_0x55793aecd320;
    %load/vec4 v0x55793aefb1e0_0;
    %flag_set/vec4 8;
    %jmp/0xz  T_0.0, 8;
    %pushi/vec4 0, 0, 32;
    %assign/vec4 v0x55793aefaf90_0, 0;
    %pushi/vec4 0, 0, 1;
    %assign/vec4 v0x55793aefaef0_0, 0;
T_0.0 ;
    %load/vec4 v0x55793aefae30_0;
    %flag_set/vec4 8;
    %jmp/0xz  T_0.2, 8;
    %ix/load 4, 1, 0;
    %flag_set/imm 4, 0;
    %load/vec4a v0x55793aefb070, 4;
    %ix/load 4, 0, 0;
    %flag_set/imm 4, 0;
    %load/vec4a v0x55793aefb070, 4;
    %add;
    %store/vec4 v0x55793aefaf90_0, 0, 32;
    %pushi/vec4 1, 0, 1;
    %assign/vec4 v0x55793aefaef0_0, 0;
    %jmp T_0.3;
T_0.2 ;
    %pushi/vec4 0, 0, 1;
    %assign/vec4 v0x55793aefaef0_0, 0;
T_0.3 ;
    %jmp T_0;
    .thread T_0;
    .scope S_0x55793aefa550;
T_1 ;
    %wait E_0x55793aecd320;
    %load/vec4 v0x55793aefbb70_0;
    %flag_set/vec4 8;
    %jmp/0xz  T_1.0, 8;
    %pushi/vec4 0, 0, 3;
    %assign/vec4 v0x55793aefbc40_0, 0;
    %pushi/vec4 0, 0, 1;
    %assign/vec4 v0x55793aefb7b0_0, 0;
    %jmp T_1.1;
T_1.0 ;
    %load/vec4 v0x55793aefbc40_0;
    %cmpi/e 0, 0, 3;
    %jmp/0xz  T_1.2, 4;
    %load/vec4 v0x55793aefb7b0_0;
    %pad/u 3;
    %ix/vec4 4;
    %load/vec4a v0x55793aefb520, 4;
    %flag_set/vec4 8;
    %jmp/0xz  T_1.4, 8;
    %load/vec4 v0x55793aefb7b0_0;
    %pad/u 3;
    %ix/vec4 4;
    %load/vec4a v0x55793aefba50, 4;
    %load/vec4 v0x55793aefb7b0_0;
    %pad/u 3;
    %ix/vec4 4;
    %load/vec4a v0x55793aefbe40, 4;
    %sub;
    %load/vec4 v0x55793aefb7b0_0;
    %pad/u 3;
    %ix/vec4 4;
    %store/vec4a v0x55793aefb990, 4, 0;
    %pushi/vec4 1, 0, 1;
    %load/vec4 v0x55793aefb7b0_0;
    %pad/u 3;
    %ix/vec4 3;
    %ix/load 4, 0, 0; Constant delay
    %assign/vec4/a/d v0x55793aefbda0, 0, 4;
    %load/vec4 v0x55793aefb7b0_0;
    %pad/u 32;
    %cmpi/u 1, 0, 32;
    %flag_inv 5; GE is !LT
    %jmp/0xz  T_1.6, 5;
    %pushi/vec4 0, 0, 1;
    %assign/vec4 v0x55793aefb7b0_0, 0;
    %jmp T_1.7;
T_1.6 ;
    %load/vec4 v0x55793aefb7b0_0;
    %pad/u 2;
    %addi 1, 0, 2;
    %pad/u 1;
    %assign/vec4 v0x55793aefb7b0_0, 0;
T_1.7 ;
T_1.4 ;
    %ix/load 4, 1, 0;
    %flag_set/imm 4, 0;
    %load/vec4a v0x55793aefbda0, 4;
    %cmpi/e 1, 0, 1;
    %jmp/0xz  T_1.8, 4;
    %pushi/vec4 1, 0, 3;
    %assign/vec4 v0x55793aefbc40_0, 0;
    %pushi/vec4 0, 0, 1;
    %ix/load 3, 1, 0;
    %flag_set/imm 4, 0;
    %ix/load 4, 0, 0; Constant delay
    %assign/vec4/a/d v0x55793aefbda0, 0, 4;
T_1.8 ;
    %jmp T_1.3;
T_1.2 ;
    %load/vec4 v0x55793aefbc40_0;
    %cmpi/e 1, 0, 3;
    %jmp/0xz  T_1.10, 4;
    %load/vec4 v0x55793aefb7b0_0;
    %pad/u 3;
    %ix/vec4 4;
    %load/vec4a v0x55793aefb990, 4;
    %cmpi/ne 0, 0, 32;
    %jmp/0xz  T_1.12, 4;
    %load/vec4 v0x55793aefb7b0_0;
    %pad/u 3;
    %ix/vec4 4;
    %load/vec4a v0x55793aefb990, 4;
    %load/vec4 v0x55793aefb7b0_0;
    %pad/u 3;
    %ix/vec4 4;
    %load/vec4a v0x55793aefb990, 4;
    %mul;
    %load/vec4 v0x55793aefb7b0_0;
    %pad/u 3;
    %ix/vec4 4;
    %store/vec4a v0x55793aefb870, 4, 0;
    %pushi/vec4 1, 0, 1;
    %load/vec4 v0x55793aefb7b0_0;
    %pad/u 3;
    %ix/vec4 3;
    %ix/load 4, 0, 0; Constant delay
    %assign/vec4/a/d v0x55793aefbd00, 0, 4;
    %load/vec4 v0x55793aefb7b0_0;
    %pad/u 32;
    %cmpi/u 1, 0, 32;
    %flag_inv 5; GE is !LT
    %jmp/0xz  T_1.14, 5;
    %pushi/vec4 0, 0, 1;
    %assign/vec4 v0x55793aefb7b0_0, 0;
    %jmp T_1.15;
T_1.14 ;
    %load/vec4 v0x55793aefb7b0_0;
    %pad/u 2;
    %addi 1, 0, 2;
    %pad/u 1;
    %assign/vec4 v0x55793aefb7b0_0, 0;
T_1.15 ;
    %ix/load 4, 1, 0;
    %flag_set/imm 4, 0;
    %load/vec4a v0x55793aefbd00, 4;
    %cmpi/e 1, 0, 1;
    %jmp/0xz  T_1.16, 4;
    %pushi/vec4 2, 0, 3;
    %assign/vec4 v0x55793aefbc40_0, 0;
T_1.16 ;
T_1.12 ;
    %jmp T_1.11;
T_1.10 ;
    %load/vec4 v0x55793aefbc40_0;
    %cmpi/e 2, 0, 3;
    %jmp/0xz  T_1.18, 4;
    %load/vec4 v0x55793aefb5f0_0;
    %flag_set/vec4 8;
    %jmp/0xz  T_1.20, 8;
    %pushi/vec4 0, 0, 3;
    %assign/vec4 v0x55793aefbc40_0, 0;
T_1.20 ;
T_1.18 ;
T_1.11 ;
T_1.3 ;
T_1.1 ;
    %jmp T_1;
    .thread T_1;
    .scope S_0x55793ae87cf0;
T_2 ;
    %delay 5000, 0;
    %load/vec4 v0x55793aefc040_0;
    %nor/r;
    %store/vec4 v0x55793aefc040_0, 0, 1;
    %ix/load 4, 0, 0;
    %flag_set/imm 4, 0;
    %load/vec4a v0x55793aefc930, 4;
    %store/vec4 v0x55793aefca50_0, 0, 32;
    %ix/load 4, 1, 0;
    %flag_set/imm 4, 0;
    %load/vec4a v0x55793aefc930, 4;
    %store/vec4 v0x55793aefcb30_0, 0, 32;
    %ix/load 4, 0, 0;
    %flag_set/imm 4, 0;
    %load/vec4a v0x55793aefc5b0, 4;
    %store/vec4 v0x55793aefc6d0_0, 0, 32;
    %ix/load 4, 1, 0;
    %flag_set/imm 4, 0;
    %load/vec4a v0x55793aefc5b0, 4;
    %store/vec4 v0x55793aefc7b0_0, 0, 32;
    %ix/load 4, 0, 0;
    %flag_set/imm 4, 0;
    %load/vec4a v0x55793aefc100, 4;
    %store/vec4 v0x55793aefc200_0, 0, 1;
    %ix/load 4, 1, 0;
    %flag_set/imm 4, 0;
    %load/vec4a v0x55793aefc100, 4;
    %store/vec4 v0x55793aefc2a0_0, 0, 1;
    %jmp T_2;
    .thread T_2;
    .scope S_0x55793ae87cf0;
T_3 ;
    %vpi_call/w 3 52 "$dumpfile", "distance_tb.vcd" {0 0 0};
    %vpi_call/w 3 53 "$dumpvars", 32'sb00000000000000000000000000000000, S_0x55793ae87cf0 {0 0 0};
    %vpi_call/w 3 54 "$display", "Starting Sim" {0 0 0};
    %pushi/vec4 0, 0, 1;
    %store/vec4 v0x55793aefc040_0, 0, 1;
    %pushi/vec4 0, 0, 1;
    %store/vec4 v0x55793aefc890_0, 0, 1;
    %fork t_1, S_0x55793ae87e80;
    %jmp t_0;
    .scope S_0x55793ae87e80;
t_1 ;
    %pushi/vec4 0, 0, 32;
    %store/vec4 v0x55793aeb7640_0, 0, 32;
T_3.0 ;
    %load/vec4 v0x55793aeb7640_0;
    %cmpi/s 2, 0, 32;
    %jmp/0xz T_3.1, 5;
    %pushi/vec4 0, 0, 1;
    %ix/getv/s 4, v0x55793aeb7640_0;
    %store/vec4a v0x55793aefc100, 4, 0;
    %pushi/vec4 0, 0, 32;
    %ix/getv/s 4, v0x55793aeb7640_0;
    %store/vec4a v0x55793aefc930, 4, 0;
    %pushi/vec4 0, 0, 32;
    %ix/getv/s 4, v0x55793aeb7640_0;
    %store/vec4a v0x55793aefc5b0, 4, 0;
    %load/vec4 v0x55793aeb7640_0;
    %addi 1, 0, 32;
    %cast2;
    %store/vec4 v0x55793aeb7640_0, 0, 32;
    %jmp T_3.0;
T_3.1 ;
    %end;
    .scope S_0x55793ae87cf0;
t_0 %join;
    %delay 10000, 0;
    %pushi/vec4 1, 0, 1;
    %store/vec4 v0x55793aefc890_0, 0, 1;
    %delay 10000, 0;
    %pushi/vec4 0, 0, 1;
    %store/vec4 v0x55793aefc890_0, 0, 1;
    %pushi/vec4 5, 0, 32;
    %ix/load 4, 0, 0;
    %flag_set/imm 4, 0;
    %store/vec4a v0x55793aefc5b0, 4, 0;
    %pushi/vec4 7, 0, 32;
    %ix/load 4, 1, 0;
    %flag_set/imm 4, 0;
    %store/vec4a v0x55793aefc5b0, 4, 0;
    %delay 20000, 0;
    %pushi/vec4 1, 0, 1;
    %ix/load 4, 0, 0;
    %flag_set/imm 4, 0;
    %store/vec4a v0x55793aefc100, 4, 0;
    %pushi/vec4 8, 0, 32;
    %ix/load 4, 0, 0;
    %flag_set/imm 4, 0;
    %store/vec4a v0x55793aefc930, 4, 0;
    %delay 10000, 0;
    %pushi/vec4 0, 0, 1;
    %ix/load 4, 0, 0;
    %flag_set/imm 4, 0;
    %store/vec4a v0x55793aefc100, 4, 0;
    %pushi/vec4 1, 0, 1;
    %ix/load 4, 1, 0;
    %flag_set/imm 4, 0;
    %store/vec4a v0x55793aefc100, 4, 0;
    %pushi/vec4 2, 0, 32;
    %ix/load 4, 1, 0;
    %flag_set/imm 4, 0;
    %store/vec4a v0x55793aefc930, 4, 0;
    %delay 10000, 0;
    %pushi/vec4 0, 0, 1;
    %ix/load 4, 1, 0;
    %flag_set/imm 4, 0;
    %store/vec4a v0x55793aefc100, 4, 0;
    %delay 500000, 0;
    %vpi_call/w 3 89 "$display", "Simulation finished" {0 0 0};
    %vpi_call/w 3 90 "$finish" {0 0 0};
    %end;
    .thread T_3;
# The file index is used to find the file name in the following table.
:file_names 5;
    "N/A";
    "<interactive>";
    "-";
    "sim/distance_tb.sv";
    "hdl/distance_calc.sv";
