#! /usr/bin/vvp
:ivl_version "11.0 (stable)";
:ivl_delay_selection "TYPICAL";
:vpi_time_precision - 12;
:vpi_module "/usr/lib/x86_64-linux-gnu/ivl/system.vpi";
:vpi_module "/usr/lib/x86_64-linux-gnu/ivl/vhdl_sys.vpi";
:vpi_module "/usr/lib/x86_64-linux-gnu/ivl/vhdl_textio.vpi";
:vpi_module "/usr/lib/x86_64-linux-gnu/ivl/v2005_math.vpi";
:vpi_module "/usr/lib/x86_64-linux-gnu/ivl/va_math.vpi";
:vpi_module "/usr/lib/x86_64-linux-gnu/ivl/v2009.vpi";
S_0x55858dea6e40 .scope package, "$unit" "$unit" 2 1;
 .timescale 0 0;
S_0x55858de75cf0 .scope module, "PriorityQueue" "PriorityQueue" 3 4;
 .timescale -9 -12;
    .port_info 0 /INPUT 1 "clk_in";
    .port_info 1 /INPUT 1 "rst_in";
    .port_info 2 /INPUT 1 "deq";
    .port_info 3 /INPUT 32 "enq_data";
    .port_info 4 /INPUT 32 "enq_tag";
    .port_info 5 /INPUT 1 "enq";
    .port_info 6 /OUTPUT 1 "full";
    .port_info 7 /OUTPUT 32 "data_out";
    .port_info 8 /OUTPUT 32 "tag_out";
    .port_info 9 /OUTPUT 1 "empty";
    .port_info 10 /OUTPUT 1 "valid_out";
P_0x55858de77660 .param/l "DATA_WIDTH" 0 3 4, +C4<00000000000000000000000000100000>;
P_0x55858de776a0 .param/l "DEPTH" 0 3 4, +C4<00000000000000000000000000001000>;
P_0x55858de776e0 .param/l "TAG_WIDTH" 0 3 4, +C4<00000000000000000000000000100000>;
v0x55858dee3ad0 .array "Q", 0 7, 31 0;
v0x55858dee3cb0 .array "Q_data", 0 7, 31 0;
o0x7fbdfaa4f228 .functor BUFZ 1, C4<z>; HiZ drive
v0x55858dee3d70_0 .net "clk_in", 0 0, o0x7fbdfaa4f228;  0 drivers
v0x55858dee3e40_0 .var "curval", 31 0;
v0x55858dee3ee0_0 .var "data_out", 31 0;
o0x7fbdfaa4f948 .functor BUFZ 1, C4<z>; HiZ drive
v0x55858dee4010_0 .net "deq", 0 0, o0x7fbdfaa4f948;  0 drivers
v0x55858dee40d0_0 .var "empty", 0 0;
o0x7fbdfaa4f9a8 .functor BUFZ 1, C4<z>; HiZ drive
v0x55858dee4190_0 .net "enq", 0 0, o0x7fbdfaa4f9a8;  0 drivers
o0x7fbdfaa4f9d8 .functor BUFZ 32, C4<zzzzzzzzzzzzzzzzzzzzzzzzzzzzzzzz>; HiZ drive
v0x55858dee4250_0 .net "enq_data", 31 0, o0x7fbdfaa4f9d8;  0 drivers
o0x7fbdfaa4fa08 .functor BUFZ 32, C4<zzzzzzzzzzzzzzzzzzzzzzzzzzzzzzzz>; HiZ drive
v0x55858dee4330_0 .net "enq_tag", 31 0, o0x7fbdfaa4fa08;  0 drivers
v0x55858dee4410_0 .var "full", 0 0;
v0x55858dee44d0_0 .var "nelts", 3 0;
v0x55858dee45b0_0 .var "push_lru", 0 0;
v0x55858dee4650_0 .var "read_ptr", 3 0;
v0x55858dee4720_0 .var "rem_lru", 0 0;
o0x7fbdfaa4f3a8 .functor BUFZ 1, C4<z>; HiZ drive
v0x55858dee47f0_0 .net "rst_in", 0 0, o0x7fbdfaa4f3a8;  0 drivers
v0x55858dee48c0_0 .var "tag_out", 31 0;
v0x55858dee4960 .array "valid", 0 7, 0 0;
v0x55858dee4ae0_0 .var "valid_out", 0 0;
v0x55858dee4ba0_0 .net "write_ptr", 3 0, v0x55858dee2f60_0;  1 drivers
v0x55858dee4960_0 .array/port v0x55858dee4960, 0;
v0x55858dee4960_1 .array/port v0x55858dee4960, 1;
v0x55858dee4960_2 .array/port v0x55858dee4960, 2;
E_0x55858debf1a0/0 .event edge, v0x55858dee44d0_0, v0x55858dee4960_0, v0x55858dee4960_1, v0x55858dee4960_2;
v0x55858dee4960_3 .array/port v0x55858dee4960, 3;
v0x55858dee4960_4 .array/port v0x55858dee4960, 4;
v0x55858dee4960_5 .array/port v0x55858dee4960, 5;
v0x55858dee4960_6 .array/port v0x55858dee4960, 6;
E_0x55858debf1a0/1 .event edge, v0x55858dee4960_3, v0x55858dee4960_4, v0x55858dee4960_5, v0x55858dee4960_6;
v0x55858dee4960_7 .array/port v0x55858dee4960, 7;
v0x55858dee3ad0_0 .array/port v0x55858dee3ad0, 0;
v0x55858dee3ad0_1 .array/port v0x55858dee3ad0, 1;
v0x55858dee3ad0_2 .array/port v0x55858dee3ad0, 2;
E_0x55858debf1a0/2 .event edge, v0x55858dee4960_7, v0x55858dee3ad0_0, v0x55858dee3ad0_1, v0x55858dee3ad0_2;
v0x55858dee3ad0_3 .array/port v0x55858dee3ad0, 3;
v0x55858dee3ad0_4 .array/port v0x55858dee3ad0, 4;
v0x55858dee3ad0_5 .array/port v0x55858dee3ad0, 5;
v0x55858dee3ad0_6 .array/port v0x55858dee3ad0, 6;
E_0x55858debf1a0/3 .event edge, v0x55858dee3ad0_3, v0x55858dee3ad0_4, v0x55858dee3ad0_5, v0x55858dee3ad0_6;
v0x55858dee3ad0_7 .array/port v0x55858dee3ad0, 7;
E_0x55858debf1a0/4 .event edge, v0x55858dee3ad0_7;
E_0x55858debf1a0 .event/or E_0x55858debf1a0/0, E_0x55858debf1a0/1, E_0x55858debf1a0/2, E_0x55858debf1a0/3, E_0x55858debf1a0/4;
S_0x55858de76000 .scope begin, "$ivl_for_loop0" "$ivl_for_loop0" 3 37, 3 37 0, S_0x55858de75cf0;
 .timescale -9 -12;
v0x55858deaac50_0 .var/2s "i", 31 0;
S_0x55858dee2190 .scope begin, "$ivl_for_loop1" "$ivl_for_loop1" 3 60, 3 60 0, S_0x55858de75cf0;
 .timescale -9 -12;
v0x55858dee2390_0 .var/2s "i", 31 0;
S_0x55858dee2470 .scope module, "lru_cache" "PQ_FIFO" 3 46, 3 101 0, S_0x55858de75cf0;
 .timescale -9 -12;
    .port_info 0 /INPUT 1 "clk_in";
    .port_info 1 /INPUT 1 "rst_in";
    .port_info 2 /INPUT 1 "deq";
    .port_info 3 /INPUT 4 "enq_data";
    .port_info 4 /INPUT 1 "enq";
    .port_info 5 /OUTPUT 1 "full";
    .port_info 6 /OUTPUT 4 "data_out";
    .port_info 7 /OUTPUT 1 "empty";
    .port_info 8 /OUTPUT 1 "valid_out";
P_0x55858dea95b0 .param/l "DATA_WIDTH" 0 3 101, +C4<000000000000000000000000000000100>;
P_0x55858dea95f0 .param/l "DEPTH" 0 3 101, +C4<00000000000000000000000000001000>;
v0x55858dee2c70 .array "Q", 0 7, 3 0;
v0x55858dee2ea0_0 .net "clk_in", 0 0, o0x7fbdfaa4f228;  alias, 0 drivers
v0x55858dee2f60_0 .var "data_out", 3 0;
v0x55858dee3050_0 .net "deq", 0 0, v0x55858dee4720_0;  1 drivers
v0x55858dee3110_0 .var "empty", 0 0;
v0x55858dee3220_0 .net "enq", 0 0, v0x55858dee45b0_0;  1 drivers
v0x55858dee32e0_0 .net "enq_data", 3 0, v0x55858dee4650_0;  1 drivers
v0x55858dee33c0_0 .var "full", 0 0;
v0x55858dee3480_0 .var "read_ptr", 3 0;
v0x55858dee3560_0 .net "rst_in", 0 0, o0x7fbdfaa4f3a8;  alias, 0 drivers
v0x55858dee3620 .array "valid", 0 7, 0 0;
v0x55858dee37c0_0 .var "valid_out", 0 0;
v0x55858dee3880_0 .var "write_ptr", 3 0;
E_0x55858dec05a0 .event posedge, v0x55858dee2ea0_0;
v0x55858dee3620_0 .array/port v0x55858dee3620, 0;
v0x55858dee3620_1 .array/port v0x55858dee3620, 1;
E_0x55858de99f90/0 .event edge, v0x55858dee3480_0, v0x55858dee3880_0, v0x55858dee3620_0, v0x55858dee3620_1;
v0x55858dee3620_2 .array/port v0x55858dee3620, 2;
v0x55858dee3620_3 .array/port v0x55858dee3620, 3;
v0x55858dee3620_4 .array/port v0x55858dee3620, 4;
v0x55858dee3620_5 .array/port v0x55858dee3620, 5;
E_0x55858de99f90/1 .event edge, v0x55858dee3620_2, v0x55858dee3620_3, v0x55858dee3620_4, v0x55858dee3620_5;
v0x55858dee3620_6 .array/port v0x55858dee3620, 6;
v0x55858dee3620_7 .array/port v0x55858dee3620, 7;
v0x55858dee2c70_0 .array/port v0x55858dee2c70, 0;
v0x55858dee2c70_1 .array/port v0x55858dee2c70, 1;
E_0x55858de99f90/2 .event edge, v0x55858dee3620_6, v0x55858dee3620_7, v0x55858dee2c70_0, v0x55858dee2c70_1;
v0x55858dee2c70_2 .array/port v0x55858dee2c70, 2;
v0x55858dee2c70_3 .array/port v0x55858dee2c70, 3;
v0x55858dee2c70_4 .array/port v0x55858dee2c70, 4;
v0x55858dee2c70_5 .array/port v0x55858dee2c70, 5;
E_0x55858de99f90/3 .event edge, v0x55858dee2c70_2, v0x55858dee2c70_3, v0x55858dee2c70_4, v0x55858dee2c70_5;
v0x55858dee2c70_6 .array/port v0x55858dee2c70, 6;
v0x55858dee2c70_7 .array/port v0x55858dee2c70, 7;
E_0x55858de99f90/4 .event edge, v0x55858dee2c70_6, v0x55858dee2c70_7;
E_0x55858de99f90 .event/or E_0x55858de99f90/0, E_0x55858de99f90/1, E_0x55858de99f90/2, E_0x55858de99f90/3, E_0x55858de99f90/4;
S_0x55858dee2970 .scope begin, "$ivl_for_loop2" "$ivl_for_loop2" 3 128, 3 128 0, S_0x55858dee2470;
 .timescale -9 -12;
v0x55858dee2b70_0 .var/2s "i", 31 0;
    .scope S_0x55858dee2470;
T_0 ;
Ewait_0 .event/or E_0x55858de99f90, E_0x0;
    %wait Ewait_0;
    %load/vec4 v0x55858dee3480_0;
    %load/vec4 v0x55858dee3880_0;
    %cmp/e;
    %flag_get/vec4 4;
    %load/vec4 v0x55858dee3480_0;
    %pad/u 5;
    %ix/vec4 4;
    %load/vec4a v0x55858dee3620, 4;
    %nor/r;
    %and;
    %store/vec4 v0x55858dee3110_0, 0, 1;
    %load/vec4 v0x55858dee3480_0;
    %load/vec4 v0x55858dee3880_0;
    %cmp/e;
    %flag_get/vec4 4;
    %load/vec4 v0x55858dee3480_0;
    %pad/u 5;
    %ix/vec4 4;
    %load/vec4a v0x55858dee3620, 4;
    %and;
    %store/vec4 v0x55858dee33c0_0, 0, 1;
    %load/vec4 v0x55858dee3480_0;
    %pad/u 5;
    %ix/vec4 4;
    %load/vec4a v0x55858dee2c70, 4;
    %store/vec4 v0x55858dee2f60_0, 0, 4;
    %load/vec4 v0x55858dee3480_0;
    %pad/u 5;
    %ix/vec4 4;
    %load/vec4a v0x55858dee3620, 4;
    %store/vec4 v0x55858dee37c0_0, 0, 1;
    %jmp T_0;
    .thread T_0, $push;
    .scope S_0x55858dee2470;
T_1 ;
    %wait E_0x55858dec05a0;
    %load/vec4 v0x55858dee3560_0;
    %flag_set/vec4 8;
    %jmp/0xz  T_1.0, 8;
    %fork t_1, S_0x55858dee2970;
    %jmp t_0;
    .scope S_0x55858dee2970;
t_1 ;
    %pushi/vec4 0, 0, 32;
    %store/vec4 v0x55858dee2b70_0, 0, 32;
T_1.2 ;
    %load/vec4 v0x55858dee2b70_0;
    %cmpi/s 8, 0, 32;
    %jmp/0xz T_1.3, 5;
    %load/vec4 v0x55858dee2b70_0;
    %pad/s 4;
    %ix/getv/s 3, v0x55858dee2b70_0;
    %ix/load 4, 0, 0; Constant delay
    %assign/vec4/a/d v0x55858dee2c70, 0, 4;
    %pushi/vec4 1, 0, 1;
    %ix/getv/s 3, v0x55858dee2b70_0;
    %ix/load 4, 0, 0; Constant delay
    %assign/vec4/a/d v0x55858dee3620, 0, 4;
    %load/vec4 v0x55858dee2b70_0;
    %addi 1, 0, 32;
    %cast2;
    %store/vec4 v0x55858dee2b70_0, 0, 32;
    %jmp T_1.2;
T_1.3 ;
    %end;
    .scope S_0x55858dee2470;
t_0 %join;
    %pushi/vec4 0, 0, 4;
    %assign/vec4 v0x55858dee2f60_0, 0;
    %pushi/vec4 0, 0, 1;
    %assign/vec4 v0x55858dee33c0_0, 0;
    %pushi/vec4 0, 0, 1;
    %assign/vec4 v0x55858dee3110_0, 0;
    %pushi/vec4 0, 0, 4;
    %assign/vec4 v0x55858dee3480_0, 0;
    %pushi/vec4 0, 0, 4;
    %assign/vec4 v0x55858dee3880_0, 0;
    %pushi/vec4 0, 0, 1;
    %assign/vec4 v0x55858dee37c0_0, 0;
    %jmp T_1.1;
T_1.0 ;
    %load/vec4 v0x55858dee3050_0;
    %load/vec4 v0x55858dee3110_0;
    %nor/r;
    %and;
    %load/vec4 v0x55858dee3480_0;
    %pad/u 5;
    %ix/vec4 4;
    %load/vec4a v0x55858dee3620, 4;
    %and;
    %flag_set/vec4 8;
    %jmp/0xz  T_1.4, 8;
    %pushi/vec4 0, 0, 1;
    %load/vec4 v0x55858dee3480_0;
    %pad/u 5;
    %ix/vec4 3;
    %ix/load 4, 0, 0; Constant delay
    %assign/vec4/a/d v0x55858dee3620, 0, 4;
    %load/vec4 v0x55858dee3480_0;
    %pad/u 32;
    %cmpi/u 7, 0, 32;
    %flag_mov 8, 5;
    %jmp/0 T_1.6, 8;
    %load/vec4 v0x55858dee3480_0;
    %addi 1, 0, 4;
    %jmp/1 T_1.7, 8;
T_1.6 ; End of true expr.
    %pushi/vec4 0, 0, 4;
    %jmp/0 T_1.7, 8;
 ; End of false expr.
    %blend;
T_1.7;
    %assign/vec4 v0x55858dee3480_0, 0;
    %jmp T_1.5;
T_1.4 ;
    %pushi/vec4 0, 0, 1;
    %assign/vec4 v0x55858dee37c0_0, 0;
T_1.5 ;
    %load/vec4 v0x55858dee3220_0;
    %load/vec4 v0x55858dee33c0_0;
    %nor/r;
    %and;
    %load/vec4 v0x55858dee3880_0;
    %pad/u 5;
    %ix/vec4 4;
    %load/vec4a v0x55858dee3620, 4;
    %pad/u 32;
    %pushi/vec4 0, 0, 32;
    %cmp/e;
    %flag_get/vec4 4;
    %and;
    %flag_set/vec4 8;
    %jmp/0xz  T_1.8, 8;
    %load/vec4 v0x55858dee32e0_0;
    %load/vec4 v0x55858dee3880_0;
    %pad/u 5;
    %ix/vec4 3;
    %ix/load 4, 0, 0; Constant delay
    %assign/vec4/a/d v0x55858dee2c70, 0, 4;
    %pushi/vec4 1, 0, 1;
    %load/vec4 v0x55858dee3880_0;
    %pad/u 5;
    %ix/vec4 3;
    %ix/load 4, 0, 0; Constant delay
    %assign/vec4/a/d v0x55858dee3620, 0, 4;
    %load/vec4 v0x55858dee3880_0;
    %pad/u 32;
    %cmpi/u 7, 0, 32;
    %flag_mov 8, 5;
    %jmp/0 T_1.10, 8;
    %load/vec4 v0x55858dee3880_0;
    %addi 1, 0, 4;
    %jmp/1 T_1.11, 8;
T_1.10 ; End of true expr.
    %pushi/vec4 0, 0, 4;
    %jmp/0 T_1.11, 8;
 ; End of false expr.
    %blend;
T_1.11;
    %assign/vec4 v0x55858dee3880_0, 0;
T_1.8 ;
T_1.1 ;
    %jmp T_1;
    .thread T_1;
    .scope S_0x55858de75cf0;
T_2 ;
Ewait_1 .event/or E_0x55858debf1a0, E_0x0;
    %wait Ewait_1;
    %load/vec4 v0x55858dee44d0_0;
    %pad/u 32;
    %pushi/vec4 0, 0, 32;
    %cmp/e;
    %flag_get/vec4 4;
    %store/vec4 v0x55858dee40d0_0, 0, 1;
    %load/vec4 v0x55858dee44d0_0;
    %pad/u 32;
    %pushi/vec4 8, 0, 32;
    %cmp/e;
    %flag_get/vec4 4;
    %store/vec4 v0x55858dee4410_0, 0, 1;
    %fork t_3, S_0x55858de76000;
    %jmp t_2;
    .scope S_0x55858de76000;
t_3 ;
    %pushi/vec4 0, 0, 32;
    %store/vec4 v0x55858deaac50_0, 0, 32;
T_2.0 ;
    %load/vec4 v0x55858deaac50_0;
    %cmpi/s 8, 0, 32;
    %jmp/0xz T_2.1, 5;
    %ix/getv/s 4, v0x55858deaac50_0;
    %load/vec4a v0x55858dee4960, 4;
    %ix/getv/s 4, v0x55858deaac50_0;
    %load/vec4a v0x55858dee3ad0, 4;
    %load/vec4 v0x55858dee3e40_0;
    %cmp/u;
    %flag_get/vec4 4;
    %flag_get/vec4 5;
    %or;
    %and;
    %flag_set/vec4 8;
    %jmp/0xz  T_2.2, 8;
    %load/vec4 v0x55858deaac50_0;
    %pad/s 4;
    %store/vec4 v0x55858dee4650_0, 0, 4;
    %ix/getv/s 4, v0x55858deaac50_0;
    %load/vec4a v0x55858dee3ad0, 4;
    %store/vec4 v0x55858dee3e40_0, 0, 32;
T_2.2 ;
    %load/vec4 v0x55858deaac50_0;
    %addi 1, 0, 32;
    %cast2;
    %store/vec4 v0x55858deaac50_0, 0, 32;
    %jmp T_2.0;
T_2.1 ;
    %end;
    .scope S_0x55858de75cf0;
t_2 %join;
    %jmp T_2;
    .thread T_2, $push;
    .scope S_0x55858de75cf0;
T_3 ;
    %wait E_0x55858dec05a0;
    %load/vec4 v0x55858dee47f0_0;
    %flag_set/vec4 8;
    %jmp/0xz  T_3.0, 8;
    %fork t_5, S_0x55858dee2190;
    %jmp t_4;
    .scope S_0x55858dee2190;
t_5 ;
    %pushi/vec4 0, 0, 32;
    %store/vec4 v0x55858dee2390_0, 0, 32;
T_3.2 ;
    %load/vec4 v0x55858dee2390_0;
    %cmpi/s 8, 0, 32;
    %jmp/0xz T_3.3, 5;
    %pushi/vec4 0, 0, 32;
    %ix/getv/s 3, v0x55858dee2390_0;
    %ix/load 4, 0, 0; Constant delay
    %assign/vec4/a/d v0x55858dee3ad0, 0, 4;
    %pushi/vec4 0, 0, 1;
    %ix/getv/s 3, v0x55858dee2390_0;
    %ix/load 4, 0, 0; Constant delay
    %assign/vec4/a/d v0x55858dee4960, 0, 4;
    %pushi/vec4 4294967295, 0, 32;
    %assign/vec4 v0x55858dee3e40_0, 0;
    %pushi/vec4 0, 0, 4;
    %assign/vec4 v0x55858dee4650_0, 0;
    %load/vec4 v0x55858dee2390_0;
    %addi 1, 0, 32;
    %cast2;
    %store/vec4 v0x55858dee2390_0, 0, 32;
    %jmp T_3.2;
T_3.3 ;
    %end;
    .scope S_0x55858de75cf0;
t_4 %join;
    %pushi/vec4 0, 0, 32;
    %assign/vec4 v0x55858dee3ee0_0, 0;
    %pushi/vec4 0, 0, 1;
    %assign/vec4 v0x55858dee4410_0, 0;
    %pushi/vec4 0, 0, 1;
    %assign/vec4 v0x55858dee40d0_0, 0;
    %pushi/vec4 0, 0, 1;
    %assign/vec4 v0x55858dee4ae0_0, 0;
    %pushi/vec4 0, 0, 4;
    %assign/vec4 v0x55858dee44d0_0, 0;
    %jmp T_3.1;
T_3.0 ;
    %load/vec4 v0x55858dee4010_0;
    %load/vec4 v0x55858dee40d0_0;
    %nor/r;
    %and;
    %load/vec4 v0x55858dee4650_0;
    %pad/u 5;
    %ix/vec4 4;
    %load/vec4a v0x55858dee4960, 4;
    %and;
    %flag_set/vec4 8;
    %jmp/0xz  T_3.4, 8;
    %load/vec4 v0x55858dee4650_0;
    %pad/u 5;
    %ix/vec4 4;
    %load/vec4a v0x55858dee3cb0, 4;
    %assign/vec4 v0x55858dee3ee0_0, 0;
    %load/vec4 v0x55858dee4650_0;
    %pad/u 5;
    %ix/vec4 4;
    %load/vec4a v0x55858dee3ad0, 4;
    %assign/vec4 v0x55858dee48c0_0, 0;
    %pushi/vec4 1, 0, 1;
    %assign/vec4 v0x55858dee45b0_0, 0;
    %pushi/vec4 1, 0, 1;
    %assign/vec4 v0x55858dee4ae0_0, 0;
    %pushi/vec4 0, 0, 1;
    %load/vec4 v0x55858dee4650_0;
    %pad/u 5;
    %ix/vec4 3;
    %ix/load 4, 0, 0; Constant delay
    %assign/vec4/a/d v0x55858dee4960, 0, 4;
    %load/vec4 v0x55858dee4650_0;
    %pad/u 32;
    %cmpi/u 7, 0, 32;
    %flag_mov 8, 5;
    %jmp/0 T_3.6, 8;
    %load/vec4 v0x55858dee4650_0;
    %addi 1, 0, 4;
    %jmp/1 T_3.7, 8;
T_3.6 ; End of true expr.
    %pushi/vec4 0, 0, 4;
    %jmp/0 T_3.7, 8;
 ; End of false expr.
    %blend;
T_3.7;
    %assign/vec4 v0x55858dee4650_0, 0;
    %load/vec4 v0x55858dee44d0_0;
    %subi 1, 0, 4;
    %assign/vec4 v0x55858dee44d0_0, 0;
    %jmp T_3.5;
T_3.4 ;
    %pushi/vec4 0, 0, 1;
    %assign/vec4 v0x55858dee4ae0_0, 0;
    %pushi/vec4 0, 0, 1;
    %assign/vec4 v0x55858dee45b0_0, 0;
T_3.5 ;
    %load/vec4 v0x55858dee4190_0;
    %load/vec4 v0x55858dee4410_0;
    %nor/r;
    %and;
    %load/vec4 v0x55858dee4ba0_0;
    %pad/u 5;
    %ix/vec4 4;
    %load/vec4a v0x55858dee4960, 4;
    %pad/u 32;
    %pushi/vec4 0, 0, 32;
    %cmp/e;
    %flag_get/vec4 4;
    %and;
    %flag_set/vec4 8;
    %jmp/0xz  T_3.8, 8;
    %load/vec4 v0x55858dee44d0_0;
    %addi 1, 0, 4;
    %assign/vec4 v0x55858dee44d0_0, 0;
    %load/vec4 v0x55858dee4250_0;
    %load/vec4 v0x55858dee4ba0_0;
    %pad/u 5;
    %ix/vec4 3;
    %ix/load 4, 0, 0; Constant delay
    %assign/vec4/a/d v0x55858dee3cb0, 0, 4;
    %load/vec4 v0x55858dee4330_0;
    %load/vec4 v0x55858dee4ba0_0;
    %pad/u 5;
    %ix/vec4 3;
    %ix/load 4, 0, 0; Constant delay
    %assign/vec4/a/d v0x55858dee3ad0, 0, 4;
    %pushi/vec4 1, 0, 1;
    %assign/vec4 v0x55858dee4720_0, 0;
    %pushi/vec4 1, 0, 1;
    %load/vec4 v0x55858dee4ba0_0;
    %pad/u 5;
    %ix/vec4 3;
    %ix/load 4, 0, 0; Constant delay
    %assign/vec4/a/d v0x55858dee4960, 0, 4;
    %jmp T_3.9;
T_3.8 ;
    %pushi/vec4 0, 0, 1;
    %assign/vec4 v0x55858dee4720_0, 0;
T_3.9 ;
T_3.1 ;
    %jmp T_3;
    .thread T_3;
# The file index is used to find the file name in the following table.
:file_names 4;
    "N/A";
    "<interactive>";
    "-";
    "hdl/pq.sv";
